0 info it worked if it ends with ok
1 verbose cli [ '/usr/local/bin/node',
1 verbose cli   '/usr/local/bin/npm',
1 verbose cli   'install',
1 verbose cli   '-g',
1 verbose cli   'grunt-cli' ]
2 info using npm@3.10.3
3 info using node@v6.3.1
4 silly loadCurrentTree Starting
5 silly install loadCurrentTree
6 silly install readGlobalPackageData
7 silly fetchPackageMetaData grunt-cli
8 silly fetchNamedPackageData grunt-cli
9 silly mapToRegistry name grunt-cli
10 silly mapToRegistry using default registry
11 silly mapToRegistry registry https://registry.npmjs.org/
12 silly mapToRegistry data Result {
12 silly mapToRegistry   raw: 'grunt-cli',
12 silly mapToRegistry   scope: null,
12 silly mapToRegistry   escapedName: 'grunt-cli',
12 silly mapToRegistry   name: 'grunt-cli',
12 silly mapToRegistry   rawSpec: '',
12 silly mapToRegistry   spec: 'latest',
12 silly mapToRegistry   type: 'tag' }
13 silly mapToRegistry uri https://registry.npmjs.org/grunt-cli
14 verbose request uri https://registry.npmjs.org/grunt-cli
15 verbose request no auth needed
16 info attempt registry request try #1 at 03:47:41
17 verbose request id 91cdfe4616809b7d
18 http request GET https://registry.npmjs.org/grunt-cli
19 http 200 https://registry.npmjs.org/grunt-cli
20 verbose headers { server: 'CouchDB/1.5.0 (Erlang OTP/R16B03)',
20 verbose headers   etag: '"5FY7C3W0ESWDJ8ZP7CIYNGJYB"',
20 verbose headers   'content-type': 'application/json',
20 verbose headers   'content-encoding': 'gzip',
20 verbose headers   'cache-control': 'max-age=300',
20 verbose headers   'content-length': '6015',
20 verbose headers   'accept-ranges': 'bytes',
20 verbose headers   date: 'Tue, 06 Sep 2016 07:47:42 GMT',
20 verbose headers   via: '1.1 varnish',
20 verbose headers   age: '7',
20 verbose headers   connection: 'keep-alive',
20 verbose headers   'x-served-by': 'cache-sea1925-SEA',
20 verbose headers   'x-cache': 'HIT',
20 verbose headers   'x-cache-hits': '146',
20 verbose headers   'x-timer': 'S1473148062.218542,VS0,VE0',
20 verbose headers   vary: 'Accept-Encoding' }
21 silly get cb [ 200,
21 silly get   { server: 'CouchDB/1.5.0 (Erlang OTP/R16B03)',
21 silly get     etag: '"5FY7C3W0ESWDJ8ZP7CIYNGJYB"',
21 silly get     'content-type': 'application/json',
21 silly get     'content-encoding': 'gzip',
21 silly get     'cache-control': 'max-age=300',
21 silly get     'content-length': '6015',
21 silly get     'accept-ranges': 'bytes',
21 silly get     date: 'Tue, 06 Sep 2016 07:47:42 GMT',
21 silly get     via: '1.1 varnish',
21 silly get     age: '7',
21 silly get     connection: 'keep-alive',
21 silly get     'x-served-by': 'cache-sea1925-SEA',
21 silly get     'x-cache': 'HIT',
21 silly get     'x-cache-hits': '146',
21 silly get     'x-timer': 'S1473148062.218542,VS0,VE0',
21 silly get     vary: 'Accept-Encoding' } ]
22 verbose get saving grunt-cli to /Users/aaroncampbell/.npm/registry.npmjs.org/grunt-cli/.cache.json
23 verbose correctMkdir /Users/aaroncampbell/.npm correctMkdir not in flight; initializing
24 silly install normalizeTree
25 silly loadCurrentTree Finishing
26 silly loadIdealTree Starting
27 silly install loadIdealTree
28 silly cloneCurrentTree Starting
29 silly install cloneCurrentTreeToIdealTree
30 silly cloneCurrentTree Finishing
31 silly loadShrinkwrap Starting
32 silly install loadShrinkwrap
33 silly loadShrinkwrap Finishing
34 silly loadAllDepsIntoIdealTree Starting
35 silly install loadAllDepsIntoIdealTree
36 silly resolveWithNewModule grunt-cli@1.2.0 checking installable status
37 silly cache add args [ 'grunt-cli', null ]
38 verbose cache add spec grunt-cli
39 silly cache add parsed spec Result {
39 silly cache add   raw: 'grunt-cli',
39 silly cache add   scope: null,
39 silly cache add   escapedName: 'grunt-cli',
39 silly cache add   name: 'grunt-cli',
39 silly cache add   rawSpec: '',
39 silly cache add   spec: 'latest',
39 silly cache add   type: 'tag' }
40 silly addNamed grunt-cli@latest
41 verbose addNamed "latest" is being treated as a dist-tag for grunt-cli
42 info addNameTag [ 'grunt-cli', 'latest' ]
43 silly mapToRegistry name grunt-cli
44 silly mapToRegistry using default registry
45 silly mapToRegistry registry https://registry.npmjs.org/
46 silly mapToRegistry data Result {
46 silly mapToRegistry   raw: 'grunt-cli',
46 silly mapToRegistry   scope: null,
46 silly mapToRegistry   escapedName: 'grunt-cli',
46 silly mapToRegistry   name: 'grunt-cli',
46 silly mapToRegistry   rawSpec: '',
46 silly mapToRegistry   spec: 'latest',
46 silly mapToRegistry   type: 'tag' }
47 silly mapToRegistry uri https://registry.npmjs.org/grunt-cli
48 verbose addNameTag registry:https://registry.npmjs.org/grunt-cli not in flight; fetching
49 verbose get https://registry.npmjs.org/grunt-cli not expired, no request
50 silly addNameTag next cb for grunt-cli with tag latest
51 silly addNamed grunt-cli@1.2.0
52 verbose addNamed "1.2.0" is a plain semver version for grunt-cli
53 silly mapToRegistry name grunt-cli
54 silly mapToRegistry using default registry
55 silly mapToRegistry registry https://registry.npmjs.org/
56 silly mapToRegistry data Result {
56 silly mapToRegistry   raw: 'grunt-cli',
56 silly mapToRegistry   scope: null,
56 silly mapToRegistry   escapedName: 'grunt-cli',
56 silly mapToRegistry   name: 'grunt-cli',
56 silly mapToRegistry   rawSpec: '',
56 silly mapToRegistry   spec: 'latest',
56 silly mapToRegistry   type: 'tag' }
57 silly mapToRegistry uri https://registry.npmjs.org/grunt-cli
58 verbose addRemoteTarball https://registry.npmjs.org/grunt-cli/-/grunt-cli-1.2.0.tgz not in flight; adding
59 verbose addRemoteTarball [ 'https://registry.npmjs.org/grunt-cli/-/grunt-cli-1.2.0.tgz',
59 verbose addRemoteTarball   '562b119ebb069ddb464ace2845501be97b35b6a8' ]
60 info retry fetch attempt 1 at 03:47:42
61 info attempt registry request try #1 at 03:47:42
62 http fetch GET https://registry.npmjs.org/grunt-cli/-/grunt-cli-1.2.0.tgz
63 http fetch 200 https://registry.npmjs.org/grunt-cli/-/grunt-cli-1.2.0.tgz
64 silly fetchAndShaCheck shasum 562b119ebb069ddb464ace2845501be97b35b6a8
65 verbose addTmpTarball /var/folders/h_/7m003sb91b747spptplhx46r0000gn/T/npm-11929-de50c7b7/registry.npmjs.org/grunt-cli/-/grunt-cli-1.2.0.tgz not in flight; adding
66 verbose addTmpTarball already have metadata; skipping unpack for grunt-cli@1.2.0
67 verbose correctMkdir /Users/aaroncampbell/.npm correctMkdir not in flight; initializing
68 silly cache afterAdd grunt-cli@1.2.0
69 verbose afterAdd /Users/aaroncampbell/.npm/grunt-cli/1.2.0/package/package.json not in flight; writing
70 verbose correctMkdir /Users/aaroncampbell/.npm correctMkdir not in flight; initializing
71 verbose afterAdd /Users/aaroncampbell/.npm/grunt-cli/1.2.0/package/package.json written
72 silly fetchNamedPackageData findup-sync
73 silly mapToRegistry name findup-sync
74 silly mapToRegistry using default registry
75 silly mapToRegistry registry https://registry.npmjs.org/
76 silly mapToRegistry data Result {
76 silly mapToRegistry   raw: 'findup-sync',
76 silly mapToRegistry   scope: null,
76 silly mapToRegistry   escapedName: 'findup-sync',
76 silly mapToRegistry   name: 'findup-sync',
76 silly mapToRegistry   rawSpec: '',
76 silly mapToRegistry   spec: 'latest',
76 silly mapToRegistry   type: 'tag' }
77 silly mapToRegistry uri https://registry.npmjs.org/findup-sync
78 silly fetchNamedPackageData grunt-known-options
79 silly mapToRegistry name grunt-known-options
80 silly mapToRegistry using default registry
81 silly mapToRegistry registry https://registry.npmjs.org/
82 silly mapToRegistry data Result {
82 silly mapToRegistry   raw: 'grunt-known-options',
82 silly mapToRegistry   scope: null,
82 silly mapToRegistry   escapedName: 'grunt-known-options',
82 silly mapToRegistry   name: 'grunt-known-options',
82 silly mapToRegistry   rawSpec: '',
82 silly mapToRegistry   spec: 'latest',
82 silly mapToRegistry   type: 'tag' }
83 silly mapToRegistry uri https://registry.npmjs.org/grunt-known-options
84 silly fetchNamedPackageData nopt
85 silly mapToRegistry name nopt
86 silly mapToRegistry using default registry
87 silly mapToRegistry registry https://registry.npmjs.org/
88 silly mapToRegistry data Result {
88 silly mapToRegistry   raw: 'nopt',
88 silly mapToRegistry   scope: null,
88 silly mapToRegistry   escapedName: 'nopt',
88 silly mapToRegistry   name: 'nopt',
88 silly mapToRegistry   rawSpec: '',
88 silly mapToRegistry   spec: 'latest',
88 silly mapToRegistry   type: 'tag' }
89 silly mapToRegistry uri https://registry.npmjs.org/nopt
90 silly fetchNamedPackageData resolve
91 silly mapToRegistry name resolve
92 silly mapToRegistry using default registry
93 silly mapToRegistry registry https://registry.npmjs.org/
94 silly mapToRegistry data Result {
94 silly mapToRegistry   raw: 'resolve',
94 silly mapToRegistry   scope: null,
94 silly mapToRegistry   escapedName: 'resolve',
94 silly mapToRegistry   name: 'resolve',
94 silly mapToRegistry   rawSpec: '',
94 silly mapToRegistry   spec: 'latest',
94 silly mapToRegistry   type: 'tag' }
95 silly mapToRegistry uri https://registry.npmjs.org/resolve
96 verbose request uri https://registry.npmjs.org/findup-sync
97 verbose request no auth needed
98 info attempt registry request try #1 at 03:47:42
99 http request GET https://registry.npmjs.org/findup-sync
100 verbose request uri https://registry.npmjs.org/grunt-known-options
101 verbose request no auth needed
102 info attempt registry request try #1 at 03:47:42
103 http request GET https://registry.npmjs.org/grunt-known-options
104 verbose request uri https://registry.npmjs.org/resolve
105 verbose request no auth needed
106 info attempt registry request try #1 at 03:47:42
107 http request GET https://registry.npmjs.org/resolve
108 http 200 https://registry.npmjs.org/findup-sync
109 verbose headers { server: 'CouchDB/1.5.0 (Erlang OTP/R16B03)',
109 verbose headers   etag: '"9LBVSV41RZLG6Z1FJHUGZAI95"',
109 verbose headers   'content-type': 'application/json',
109 verbose headers   'content-encoding': 'gzip',
109 verbose headers   'cache-control': 'max-age=300',
109 verbose headers   'content-length': '3710',
109 verbose headers   'accept-ranges': 'bytes',
109 verbose headers   date: 'Tue, 06 Sep 2016 07:47:42 GMT',
109 verbose headers   via: '1.1 varnish',
109 verbose headers   age: '0',
109 verbose headers   connection: 'keep-alive',
109 verbose headers   'x-served-by': 'cache-sea1925-SEA',
109 verbose headers   'x-cache': 'HIT',
109 verbose headers   'x-cache-hits': '1',
109 verbose headers   'x-timer': 'S1473148062.961362,VS0,VE0',
109 verbose headers   vary: 'Accept-Encoding' }
110 silly get cb [ 200,
110 silly get   { server: 'CouchDB/1.5.0 (Erlang OTP/R16B03)',
110 silly get     etag: '"9LBVSV41RZLG6Z1FJHUGZAI95"',
110 silly get     'content-type': 'application/json',
110 silly get     'content-encoding': 'gzip',
110 silly get     'cache-control': 'max-age=300',
110 silly get     'content-length': '3710',
110 silly get     'accept-ranges': 'bytes',
110 silly get     date: 'Tue, 06 Sep 2016 07:47:42 GMT',
110 silly get     via: '1.1 varnish',
110 silly get     age: '0',
110 silly get     connection: 'keep-alive',
110 silly get     'x-served-by': 'cache-sea1925-SEA',
110 silly get     'x-cache': 'HIT',
110 silly get     'x-cache-hits': '1',
110 silly get     'x-timer': 'S1473148062.961362,VS0,VE0',
110 silly get     vary: 'Accept-Encoding' } ]
111 verbose get saving findup-sync to /Users/aaroncampbell/.npm/registry.npmjs.org/findup-sync/.cache.json
112 verbose correctMkdir /Users/aaroncampbell/.npm correctMkdir not in flight; initializing
113 silly resolveWithNewModule findup-sync@0.3.0 checking installable status
114 silly cache add args [ 'findup-sync@~0.3.0', null ]
115 verbose cache add spec findup-sync@~0.3.0
116 silly cache add parsed spec Result {
116 silly cache add   raw: 'findup-sync@~0.3.0',
116 silly cache add   scope: null,
116 silly cache add   escapedName: 'findup-sync',
116 silly cache add   name: 'findup-sync',
116 silly cache add   rawSpec: '~0.3.0',
116 silly cache add   spec: '>=0.3.0 <0.4.0',
116 silly cache add   type: 'range' }
117 silly addNamed findup-sync@>=0.3.0 <0.4.0
118 verbose addNamed ">=0.3.0 <0.4.0" is a valid semver range for findup-sync
119 silly addNameRange { name: 'findup-sync', range: '>=0.3.0 <0.4.0', hasData: false }
120 silly mapToRegistry name findup-sync
121 silly mapToRegistry using default registry
122 silly mapToRegistry registry https://registry.npmjs.org/
123 silly mapToRegistry data Result {
123 silly mapToRegistry   raw: 'findup-sync',
123 silly mapToRegistry   scope: null,
123 silly mapToRegistry   escapedName: 'findup-sync',
123 silly mapToRegistry   name: 'findup-sync',
123 silly mapToRegistry   rawSpec: '',
123 silly mapToRegistry   spec: 'latest',
123 silly mapToRegistry   type: 'tag' }
124 silly mapToRegistry uri https://registry.npmjs.org/findup-sync
125 verbose addNameRange registry:https://registry.npmjs.org/findup-sync not in flight; fetching
126 verbose request uri https://registry.npmjs.org/nopt
127 verbose request no auth needed
128 info attempt registry request try #1 at 03:47:43
129 verbose etag "78G1M1M0AXU12YKI437SEJ1HN"
130 http request GET https://registry.npmjs.org/nopt
131 verbose get https://registry.npmjs.org/findup-sync not expired, no request
132 silly addNameRange number 2 { name: 'findup-sync', range: '>=0.3.0 <0.4.0', hasData: true }
133 silly addNameRange versions [ 'findup-sync',
133 silly addNameRange   [ '0.1.0',
133 silly addNameRange     '0.1.1',
133 silly addNameRange     '0.1.2',
133 silly addNameRange     '0.1.3',
133 silly addNameRange     '0.2.0',
133 silly addNameRange     '0.2.1',
133 silly addNameRange     '0.3.0',
133 silly addNameRange     '0.4.0',
133 silly addNameRange     '0.4.1',
133 silly addNameRange     '0.4.2' ] ]
134 silly addNamed findup-sync@0.3.0
135 verbose addNamed "0.3.0" is a plain semver version for findup-sync
136 silly mapToRegistry name findup-sync
137 silly mapToRegistry using default registry
138 silly mapToRegistry registry https://registry.npmjs.org/
139 silly mapToRegistry data Result {
139 silly mapToRegistry   raw: 'findup-sync',
139 silly mapToRegistry   scope: null,
139 silly mapToRegistry   escapedName: 'findup-sync',
139 silly mapToRegistry   name: 'findup-sync',
139 silly mapToRegistry   rawSpec: '',
139 silly mapToRegistry   spec: 'latest',
139 silly mapToRegistry   type: 'tag' }
140 silly mapToRegistry uri https://registry.npmjs.org/findup-sync
141 verbose addRemoteTarball https://registry.npmjs.org/findup-sync/-/findup-sync-0.3.0.tgz not in flight; adding
142 verbose addRemoteTarball [ 'https://registry.npmjs.org/findup-sync/-/findup-sync-0.3.0.tgz',
142 verbose addRemoteTarball   '37930aa5d816b777c03445e1966cc6790a4c0b16' ]
143 info retry fetch attempt 1 at 03:47:43
144 info attempt registry request try #1 at 03:47:43
145 http fetch GET https://registry.npmjs.org/findup-sync/-/findup-sync-0.3.0.tgz
146 http 200 https://registry.npmjs.org/nopt
147 verbose headers { server: 'CouchDB/1.5.0 (Erlang OTP/R16B03)',
147 verbose headers   etag: '"CFUEL90RZP59U1IFU8LJVGFO9"',
147 verbose headers   'content-type': 'application/json',
147 verbose headers   'content-encoding': 'gzip',
147 verbose headers   'cache-control': 'max-age=300',
147 verbose headers   'content-length': '7234',
147 verbose headers   'accept-ranges': 'bytes',
147 verbose headers   date: 'Tue, 06 Sep 2016 07:47:43 GMT',
147 verbose headers   via: '1.1 varnish',
147 verbose headers   age: '205',
147 verbose headers   connection: 'keep-alive',
147 verbose headers   'x-served-by': 'cache-sea1925-SEA',
147 verbose headers   'x-cache': 'HIT',
147 verbose headers   'x-cache-hits': '15',
147 verbose headers   'x-timer': 'S1473148063.064134,VS0,VE0',
147 verbose headers   vary: 'Accept-Encoding' }
148 silly get cb [ 200,
148 silly get   { server: 'CouchDB/1.5.0 (Erlang OTP/R16B03)',
148 silly get     etag: '"CFUEL90RZP59U1IFU8LJVGFO9"',
148 silly get     'content-type': 'application/json',
148 silly get     'content-encoding': 'gzip',
148 silly get     'cache-control': 'max-age=300',
148 silly get     'content-length': '7234',
148 silly get     'accept-ranges': 'bytes',
148 silly get     date: 'Tue, 06 Sep 2016 07:47:43 GMT',
148 silly get     via: '1.1 varnish',
148 silly get     age: '205',
148 silly get     connection: 'keep-alive',
148 silly get     'x-served-by': 'cache-sea1925-SEA',
148 silly get     'x-cache': 'HIT',
148 silly get     'x-cache-hits': '15',
148 silly get     'x-timer': 'S1473148063.064134,VS0,VE0',
148 silly get     vary: 'Accept-Encoding' } ]
149 verbose get saving nopt to /Users/aaroncampbell/.npm/registry.npmjs.org/nopt/.cache.json
150 verbose correctMkdir /Users/aaroncampbell/.npm correctMkdir not in flight; initializing
151 http 200 https://registry.npmjs.org/grunt-known-options
152 verbose headers { server: 'CouchDB/1.5.0 (Erlang OTP/R16B03)',
152 verbose headers   etag: '"7QSNI1GHSQUPUZPXA2OGSKIJS"',
152 verbose headers   'content-type': 'application/json',
152 verbose headers   'content-encoding': 'gzip',
152 verbose headers   'cache-control': 'max-age=300',
152 verbose headers   'content-length': '1087',
152 verbose headers   'accept-ranges': 'bytes',
152 verbose headers   date: 'Tue, 06 Sep 2016 07:47:43 GMT',
152 verbose headers   via: '1.1 varnish',
152 verbose headers   age: '151',
152 verbose headers   connection: 'keep-alive',
152 verbose headers   'x-served-by': 'cache-sea1922-SEA',
152 verbose headers   'x-cache': 'HIT',
152 verbose headers   'x-cache-hits': '3',
152 verbose headers   'x-timer': 'S1473148063.089355,VS0,VE0',
152 verbose headers   vary: 'Accept-Encoding' }
153 silly get cb [ 200,
153 silly get   { server: 'CouchDB/1.5.0 (Erlang OTP/R16B03)',
153 silly get     etag: '"7QSNI1GHSQUPUZPXA2OGSKIJS"',
153 silly get     'content-type': 'application/json',
153 silly get     'content-encoding': 'gzip',
153 silly get     'cache-control': 'max-age=300',
153 silly get     'content-length': '1087',
153 silly get     'accept-ranges': 'bytes',
153 silly get     date: 'Tue, 06 Sep 2016 07:47:43 GMT',
153 silly get     via: '1.1 varnish',
153 silly get     age: '151',
153 silly get     connection: 'keep-alive',
153 silly get     'x-served-by': 'cache-sea1922-SEA',
153 silly get     'x-cache': 'HIT',
153 silly get     'x-cache-hits': '3',
153 silly get     'x-timer': 'S1473148063.089355,VS0,VE0',
153 silly get     vary: 'Accept-Encoding' } ]
154 verbose get saving grunt-known-options to /Users/aaroncampbell/.npm/registry.npmjs.org/grunt-known-options/.cache.json
155 verbose correctMkdir /Users/aaroncampbell/.npm correctMkdir not in flight; initializing
156 http 200 https://registry.npmjs.org/resolve
157 verbose headers { server: 'CouchDB/1.5.0 (Erlang OTP/R16B03)',
157 verbose headers   etag: '"JRYGJUMH9LKT7TX2IWA5N8VJ"',
157 verbose headers   'content-type': 'application/json',
157 verbose headers   'content-encoding': 'gzip',
157 verbose headers   'cache-control': 'max-age=300',
157 verbose headers   'content-length': '6180',
157 verbose headers   'accept-ranges': 'bytes',
157 verbose headers   date: 'Tue, 06 Sep 2016 07:47:43 GMT',
157 verbose headers   via: '1.1 varnish',
157 verbose headers   age: '200',
157 verbose headers   connection: 'keep-alive',
157 verbose headers   'x-served-by': 'cache-sea1922-SEA',
157 verbose headers   'x-cache': 'HIT',
157 verbose headers   'x-cache-hits': '13',
157 verbose headers   'x-timer': 'S1473148063.097483,VS0,VE0',
157 verbose headers   vary: 'Accept-Encoding' }
158 silly get cb [ 200,
158 silly get   { server: 'CouchDB/1.5.0 (Erlang OTP/R16B03)',
158 silly get     etag: '"JRYGJUMH9LKT7TX2IWA5N8VJ"',
158 silly get     'content-type': 'application/json',
158 silly get     'content-encoding': 'gzip',
158 silly get     'cache-control': 'max-age=300',
158 silly get     'content-length': '6180',
158 silly get     'accept-ranges': 'bytes',
158 silly get     date: 'Tue, 06 Sep 2016 07:47:43 GMT',
158 silly get     via: '1.1 varnish',
158 silly get     age: '200',
158 silly get     connection: 'keep-alive',
158 silly get     'x-served-by': 'cache-sea1922-SEA',
158 silly get     'x-cache': 'HIT',
158 silly get     'x-cache-hits': '13',
158 silly get     'x-timer': 'S1473148063.097483,VS0,VE0',
158 silly get     vary: 'Accept-Encoding' } ]
159 verbose get saving resolve to /Users/aaroncampbell/.npm/registry.npmjs.org/resolve/.cache.json
160 verbose correctMkdir /Users/aaroncampbell/.npm correctMkdir not in flight; initializing
161 http fetch 200 https://registry.npmjs.org/findup-sync/-/findup-sync-0.3.0.tgz
162 silly resolveWithNewModule nopt@3.0.6 checking installable status
163 silly cache add args [ 'nopt@~3.0.6', null ]
164 verbose cache add spec nopt@~3.0.6
165 silly cache add parsed spec Result {
165 silly cache add   raw: 'nopt@~3.0.6',
165 silly cache add   scope: null,
165 silly cache add   escapedName: 'nopt',
165 silly cache add   name: 'nopt',
165 silly cache add   rawSpec: '~3.0.6',
165 silly cache add   spec: '>=3.0.6 <3.1.0',
165 silly cache add   type: 'range' }
166 silly addNamed nopt@>=3.0.6 <3.1.0
167 verbose addNamed ">=3.0.6 <3.1.0" is a valid semver range for nopt
168 silly addNameRange { name: 'nopt', range: '>=3.0.6 <3.1.0', hasData: false }
169 silly mapToRegistry name nopt
170 silly mapToRegistry using default registry
171 silly mapToRegistry registry https://registry.npmjs.org/
172 silly mapToRegistry data Result {
172 silly mapToRegistry   raw: 'nopt',
172 silly mapToRegistry   scope: null,
172 silly mapToRegistry   escapedName: 'nopt',
172 silly mapToRegistry   name: 'nopt',
172 silly mapToRegistry   rawSpec: '',
172 silly mapToRegistry   spec: 'latest',
172 silly mapToRegistry   type: 'tag' }
173 silly mapToRegistry uri https://registry.npmjs.org/nopt
174 verbose addNameRange registry:https://registry.npmjs.org/nopt not in flight; fetching
175 verbose get https://registry.npmjs.org/nopt not expired, no request
176 silly addNameRange number 2 { name: 'nopt', range: '>=3.0.6 <3.1.0', hasData: true }
177 silly addNameRange versions [ 'nopt',
177 silly addNameRange   [ '1.0.0',
177 silly addNameRange     '1.0.1',
177 silly addNameRange     '1.0.2',
177 silly addNameRange     '1.0.3',
177 silly addNameRange     '1.0.4',
177 silly addNameRange     '1.0.5',
177 silly addNameRange     '1.0.6',
177 silly addNameRange     '1.0.7',
177 silly addNameRange     '1.0.8',
177 silly addNameRange     '1.0.9',
177 silly addNameRange     '1.0.10',
177 silly addNameRange     '2.0.0',
177 silly addNameRange     '2.1.0',
177 silly addNameRange     '2.1.1',
177 silly addNameRange     '2.1.2',
177 silly addNameRange     '2.2.0',
177 silly addNameRange     '2.2.1',
177 silly addNameRange     '3.0.0',
177 silly addNameRange     '3.0.1',
177 silly addNameRange     '3.0.2',
177 silly addNameRange     '3.0.3',
177 silly addNameRange     '3.0.4',
177 silly addNameRange     '3.0.5',
177 silly addNameRange     '3.0.6' ] ]
178 silly addNamed nopt@3.0.6
179 verbose addNamed "3.0.6" is a plain semver version for nopt
180 silly fetchAndShaCheck shasum 37930aa5d816b777c03445e1966cc6790a4c0b16
181 silly resolveWithNewModule grunt-known-options@1.1.0 checking installable status
182 silly cache add args [ 'grunt-known-options@~1.1.0', null ]
183 verbose cache add spec grunt-known-options@~1.1.0
184 silly cache add parsed spec Result {
184 silly cache add   raw: 'grunt-known-options@~1.1.0',
184 silly cache add   scope: null,
184 silly cache add   escapedName: 'grunt-known-options',
184 silly cache add   name: 'grunt-known-options',
184 silly cache add   rawSpec: '~1.1.0',
184 silly cache add   spec: '>=1.1.0 <1.2.0',
184 silly cache add   type: 'range' }
185 silly addNamed grunt-known-options@>=1.1.0 <1.2.0
186 verbose addNamed ">=1.1.0 <1.2.0" is a valid semver range for grunt-known-options
187 silly addNameRange { name: 'grunt-known-options',
187 silly addNameRange   range: '>=1.1.0 <1.2.0',
187 silly addNameRange   hasData: false }
188 silly mapToRegistry name grunt-known-options
189 silly mapToRegistry using default registry
190 silly mapToRegistry registry https://registry.npmjs.org/
191 silly mapToRegistry data Result {
191 silly mapToRegistry   raw: 'grunt-known-options',
191 silly mapToRegistry   scope: null,
191 silly mapToRegistry   escapedName: 'grunt-known-options',
191 silly mapToRegistry   name: 'grunt-known-options',
191 silly mapToRegistry   rawSpec: '',
191 silly mapToRegistry   spec: 'latest',
191 silly mapToRegistry   type: 'tag' }
192 silly mapToRegistry uri https://registry.npmjs.org/grunt-known-options
193 verbose addNameRange registry:https://registry.npmjs.org/grunt-known-options not in flight; fetching
194 silly resolveWithNewModule resolve@1.1.7 checking installable status
195 silly cache add args [ 'resolve@~1.1.0', null ]
196 verbose cache add spec resolve@~1.1.0
197 silly cache add parsed spec Result {
197 silly cache add   raw: 'resolve@~1.1.0',
197 silly cache add   scope: null,
197 silly cache add   escapedName: 'resolve',
197 silly cache add   name: 'resolve',
197 silly cache add   rawSpec: '~1.1.0',
197 silly cache add   spec: '>=1.1.0 <1.2.0',
197 silly cache add   type: 'range' }
198 silly addNamed resolve@>=1.1.0 <1.2.0
199 verbose addNamed ">=1.1.0 <1.2.0" is a valid semver range for resolve
200 silly addNameRange { name: 'resolve', range: '>=1.1.0 <1.2.0', hasData: false }
201 silly mapToRegistry name resolve
202 silly mapToRegistry using default registry
203 silly mapToRegistry registry https://registry.npmjs.org/
204 silly mapToRegistry data Result {
204 silly mapToRegistry   raw: 'resolve',
204 silly mapToRegistry   scope: null,
204 silly mapToRegistry   escapedName: 'resolve',
204 silly mapToRegistry   name: 'resolve',
204 silly mapToRegistry   rawSpec: '',
204 silly mapToRegistry   spec: 'latest',
204 silly mapToRegistry   type: 'tag' }
205 silly mapToRegistry uri https://registry.npmjs.org/resolve
206 verbose addNameRange registry:https://registry.npmjs.org/resolve not in flight; fetching
207 verbose get https://registry.npmjs.org/grunt-known-options not expired, no request
208 silly addNameRange number 2 { name: 'grunt-known-options',
208 silly addNameRange   range: '>=1.1.0 <1.2.0',
208 silly addNameRange   hasData: true }
209 silly addNameRange versions [ 'grunt-known-options', [ '1.0.0', '1.1.0' ] ]
210 silly addNamed grunt-known-options@1.1.0
211 verbose addNamed "1.1.0" is a plain semver version for grunt-known-options
212 verbose get https://registry.npmjs.org/resolve not expired, no request
213 silly addNameRange number 2 { name: 'resolve', range: '>=1.1.0 <1.2.0', hasData: true }
214 silly addNameRange versions [ 'resolve',
214 silly addNameRange   [ '0.0.0',
214 silly addNameRange     '0.0.1',
214 silly addNameRange     '0.0.2',
214 silly addNameRange     '0.0.3',
214 silly addNameRange     '0.0.4',
214 silly addNameRange     '0.1.0',
214 silly addNameRange     '0.1.2',
214 silly addNameRange     '0.1.3',
214 silly addNameRange     '0.2.0',
214 silly addNameRange     '0.2.1',
214 silly addNameRange     '0.2.2',
214 silly addNameRange     '0.2.3',
214 silly addNameRange     '0.2.4',
214 silly addNameRange     '0.2.5',
214 silly addNameRange     '0.2.6',
214 silly addNameRange     '0.2.7',
214 silly addNameRange     '0.2.8',
214 silly addNameRange     '0.3.0',
214 silly addNameRange     '0.3.1',
214 silly addNameRange     '0.4.0',
214 silly addNameRange     '0.4.1',
214 silly addNameRange     '0.4.2',
214 silly addNameRange     '0.4.3',
214 silly addNameRange     '0.5.0',
214 silly addNameRange     '0.5.1',
214 silly addNameRange     '0.6.0',
214 silly addNameRange     '0.6.1',
214 silly addNameRange     '0.6.2',
214 silly addNameRange     '0.6.3',
214 silly addNameRange     '0.7.0',
214 silly addNameRange     '0.7.1',
214 silly addNameRange     '0.7.2',
214 silly addNameRange     '0.7.3',
214 silly addNameRange     '0.7.4',
214 silly addNameRange     '1.0.0',
214 silly addNameRange     '1.1.0',
214 silly addNameRange     '1.1.2',
214 silly addNameRange     '1.1.3',
214 silly addNameRange     '1.1.4',
214 silly addNameRange     '1.1.5',
214 silly addNameRange     '1.1.6',
214 silly addNameRange     '1.1.7' ] ]
215 silly addNamed resolve@1.1.7
216 verbose addNamed "1.1.7" is a plain semver version for resolve
217 verbose addTmpTarball /var/folders/h_/7m003sb91b747spptplhx46r0000gn/T/npm-11929-de50c7b7/registry.npmjs.org/findup-sync/-/findup-sync-0.3.0.tgz not in flight; adding
218 verbose addTmpTarball already have metadata; skipping unpack for findup-sync@0.3.0
219 verbose correctMkdir /Users/aaroncampbell/.npm correctMkdir not in flight; initializing
220 silly mapToRegistry name grunt-known-options
221 silly mapToRegistry using default registry
222 silly mapToRegistry registry https://registry.npmjs.org/
223 silly mapToRegistry data Result {
223 silly mapToRegistry   raw: 'grunt-known-options',
223 silly mapToRegistry   scope: null,
223 silly mapToRegistry   escapedName: 'grunt-known-options',
223 silly mapToRegistry   name: 'grunt-known-options',
223 silly mapToRegistry   rawSpec: '',
223 silly mapToRegistry   spec: 'latest',
223 silly mapToRegistry   type: 'tag' }
224 silly mapToRegistry uri https://registry.npmjs.org/grunt-known-options
225 verbose addRemoteTarball https://registry.npmjs.org/grunt-known-options/-/grunt-known-options-1.1.0.tgz not in flight; adding
226 verbose addRemoteTarball [ 'https://registry.npmjs.org/grunt-known-options/-/grunt-known-options-1.1.0.tgz',
226 verbose addRemoteTarball   'a4274eeb32fa765da5a7a3b1712617ce3b144149' ]
227 silly mapToRegistry name resolve
228 silly mapToRegistry using default registry
229 silly mapToRegistry registry https://registry.npmjs.org/
230 silly mapToRegistry data Result {
230 silly mapToRegistry   raw: 'resolve',
230 silly mapToRegistry   scope: null,
230 silly mapToRegistry   escapedName: 'resolve',
230 silly mapToRegistry   name: 'resolve',
230 silly mapToRegistry   rawSpec: '',
230 silly mapToRegistry   spec: 'latest',
230 silly mapToRegistry   type: 'tag' }
231 silly mapToRegistry uri https://registry.npmjs.org/resolve
232 verbose addRemoteTarball https://registry.npmjs.org/resolve/-/resolve-1.1.7.tgz not in flight; adding
233 verbose addRemoteTarball [ 'https://registry.npmjs.org/resolve/-/resolve-1.1.7.tgz',
233 verbose addRemoteTarball   '203114d82ad2c5ed9e8e0411b3932875e889e97b' ]
234 info retry fetch attempt 1 at 03:47:43
235 info attempt registry request try #1 at 03:47:43
236 http fetch GET https://registry.npmjs.org/grunt-known-options/-/grunt-known-options-1.1.0.tgz
237 info retry fetch attempt 1 at 03:47:43
238 info attempt registry request try #1 at 03:47:43
239 http fetch GET https://registry.npmjs.org/resolve/-/resolve-1.1.7.tgz
240 silly cache afterAdd findup-sync@0.3.0
241 verbose afterAdd /Users/aaroncampbell/.npm/findup-sync/0.3.0/package/package.json not in flight; writing
242 verbose correctMkdir /Users/aaroncampbell/.npm correctMkdir not in flight; initializing
243 verbose afterAdd /Users/aaroncampbell/.npm/findup-sync/0.3.0/package/package.json written
244 http fetch 200 https://registry.npmjs.org/grunt-known-options/-/grunt-known-options-1.1.0.tgz
245 silly fetchAndShaCheck shasum a4274eeb32fa765da5a7a3b1712617ce3b144149
246 http fetch 200 https://registry.npmjs.org/resolve/-/resolve-1.1.7.tgz
247 silly cache afterAdd nopt@3.0.6
248 verbose afterAdd /Users/aaroncampbell/.npm/nopt/3.0.6/package/package.json not in flight; writing
249 verbose correctMkdir /Users/aaroncampbell/.npm correctMkdir not in flight; initializing
250 silly fetchAndShaCheck shasum 203114d82ad2c5ed9e8e0411b3932875e889e97b
251 verbose afterAdd /Users/aaroncampbell/.npm/nopt/3.0.6/package/package.json written
252 verbose addTmpTarball /var/folders/h_/7m003sb91b747spptplhx46r0000gn/T/npm-11929-de50c7b7/registry.npmjs.org/grunt-known-options/-/grunt-known-options-1.1.0.tgz not in flight; adding
253 verbose addTmpTarball already have metadata; skipping unpack for grunt-known-options@1.1.0
254 verbose correctMkdir /Users/aaroncampbell/.npm correctMkdir not in flight; initializing
255 verbose addTmpTarball /var/folders/h_/7m003sb91b747spptplhx46r0000gn/T/npm-11929-de50c7b7/registry.npmjs.org/resolve/-/resolve-1.1.7.tgz not in flight; adding
256 verbose addTmpTarball already have metadata; skipping unpack for resolve@1.1.7
257 verbose correctMkdir /Users/aaroncampbell/.npm correctMkdir not in flight; initializing
258 silly cache afterAdd grunt-known-options@1.1.0
259 verbose afterAdd /Users/aaroncampbell/.npm/grunt-known-options/1.1.0/package/package.json not in flight; writing
260 verbose correctMkdir /Users/aaroncampbell/.npm correctMkdir not in flight; initializing
261 silly cache afterAdd resolve@1.1.7
262 verbose afterAdd /Users/aaroncampbell/.npm/resolve/1.1.7/package/package.json not in flight; writing
263 verbose correctMkdir /Users/aaroncampbell/.npm correctMkdir not in flight; initializing
264 verbose afterAdd /Users/aaroncampbell/.npm/grunt-known-options/1.1.0/package/package.json written
265 verbose afterAdd /Users/aaroncampbell/.npm/resolve/1.1.7/package/package.json written
266 silly fetchNamedPackageData glob
267 silly mapToRegistry name glob
268 silly mapToRegistry using default registry
269 silly mapToRegistry registry https://registry.npmjs.org/
270 silly mapToRegistry data Result {
270 silly mapToRegistry   raw: 'glob',
270 silly mapToRegistry   scope: null,
270 silly mapToRegistry   escapedName: 'glob',
270 silly mapToRegistry   name: 'glob',
270 silly mapToRegistry   rawSpec: '',
270 silly mapToRegistry   spec: 'latest',
270 silly mapToRegistry   type: 'tag' }
271 silly mapToRegistry uri https://registry.npmjs.org/glob
272 verbose request uri https://registry.npmjs.org/glob
273 verbose request no auth needed
274 info attempt registry request try #1 at 03:47:43
275 verbose etag "CODPNY1173N3EA9SURZAHIPVE"
276 http request GET https://registry.npmjs.org/glob
277 http 200 https://registry.npmjs.org/glob
278 verbose headers { server: 'CouchDB/1.5.0 (Erlang OTP/R16B03)',
278 verbose headers   etag: '"4IGQF7UDA28LPUK4QSO1CUE78"',
278 verbose headers   'content-type': 'application/json',
278 verbose headers   'content-encoding': 'gzip',
278 verbose headers   'cache-control': 'max-age=300',
278 verbose headers   'content-length': '19986',
278 verbose headers   'accept-ranges': 'bytes',
278 verbose headers   date: 'Tue, 06 Sep 2016 07:47:43 GMT',
278 verbose headers   via: '1.1 varnish',
278 verbose headers   age: '255',
278 verbose headers   connection: 'keep-alive',
278 verbose headers   'x-served-by': 'cache-sea1922-SEA',
278 verbose headers   'x-cache': 'HIT',
278 verbose headers   'x-cache-hits': '28',
278 verbose headers   'x-timer': 'S1473148063.666980,VS0,VE0',
278 verbose headers   vary: 'Accept-Encoding' }
279 silly get cb [ 200,
279 silly get   { server: 'CouchDB/1.5.0 (Erlang OTP/R16B03)',
279 silly get     etag: '"4IGQF7UDA28LPUK4QSO1CUE78"',
279 silly get     'content-type': 'application/json',
279 silly get     'content-encoding': 'gzip',
279 silly get     'cache-control': 'max-age=300',
279 silly get     'content-length': '19986',
279 silly get     'accept-ranges': 'bytes',
279 silly get     date: 'Tue, 06 Sep 2016 07:47:43 GMT',
279 silly get     via: '1.1 varnish',
279 silly get     age: '255',
279 silly get     connection: 'keep-alive',
279 silly get     'x-served-by': 'cache-sea1922-SEA',
279 silly get     'x-cache': 'HIT',
279 silly get     'x-cache-hits': '28',
279 silly get     'x-timer': 'S1473148063.666980,VS0,VE0',
279 silly get     vary: 'Accept-Encoding' } ]
280 verbose get saving glob to /Users/aaroncampbell/.npm/registry.npmjs.org/glob/.cache.json
281 verbose correctMkdir /Users/aaroncampbell/.npm correctMkdir not in flight; initializing
282 silly resolveWithNewModule glob@5.0.15 checking installable status
283 silly cache add args [ 'glob@~5.0.0', null ]
284 verbose cache add spec glob@~5.0.0
285 silly cache add parsed spec Result {
285 silly cache add   raw: 'glob@~5.0.0',
285 silly cache add   scope: null,
285 silly cache add   escapedName: 'glob',
285 silly cache add   name: 'glob',
285 silly cache add   rawSpec: '~5.0.0',
285 silly cache add   spec: '>=5.0.0 <5.1.0',
285 silly cache add   type: 'range' }
286 silly addNamed glob@>=5.0.0 <5.1.0
287 verbose addNamed ">=5.0.0 <5.1.0" is a valid semver range for glob
288 silly addNameRange { name: 'glob', range: '>=5.0.0 <5.1.0', hasData: false }
289 silly mapToRegistry name glob
290 silly mapToRegistry using default registry
291 silly mapToRegistry registry https://registry.npmjs.org/
292 silly mapToRegistry data Result {
292 silly mapToRegistry   raw: 'glob',
292 silly mapToRegistry   scope: null,
292 silly mapToRegistry   escapedName: 'glob',
292 silly mapToRegistry   name: 'glob',
292 silly mapToRegistry   rawSpec: '',
292 silly mapToRegistry   spec: 'latest',
292 silly mapToRegistry   type: 'tag' }
293 silly mapToRegistry uri https://registry.npmjs.org/glob
294 verbose addNameRange registry:https://registry.npmjs.org/glob not in flight; fetching
295 verbose get https://registry.npmjs.org/glob not expired, no request
296 silly addNameRange number 2 { name: 'glob', range: '>=5.0.0 <5.1.0', hasData: true }
297 silly addNameRange versions [ 'glob',
297 silly addNameRange   [ '1.1.0',
297 silly addNameRange     '2.0.9',
297 silly addNameRange     '2.0.8',
297 silly addNameRange     '2.0.7',
297 silly addNameRange     '2.1.0',
297 silly addNameRange     '3.0.0',
297 silly addNameRange     '3.0.1',
297 silly addNameRange     '3.1.0',
297 silly addNameRange     '3.1.1',
297 silly addNameRange     '3.1.2',
297 silly addNameRange     '3.1.3',
297 silly addNameRange     '3.1.4',
297 silly addNameRange     '3.1.5',
297 silly addNameRange     '3.1.6',
297 silly addNameRange     '3.1.7',
297 silly addNameRange     '3.1.9',
297 silly addNameRange     '3.1.10',
297 silly addNameRange     '3.1.11',
297 silly addNameRange     '3.1.12',
297 silly addNameRange     '3.1.13',
297 silly addNameRange     '3.1.14',
297 silly addNameRange     '3.1.15',
297 silly addNameRange     '3.1.16',
297 silly addNameRange     '3.1.17',
297 silly addNameRange     '3.1.18',
297 silly addNameRange     '3.1.19',
297 silly addNameRange     '3.1.20',
297 silly addNameRange     '3.1.21',
297 silly addNameRange     '3.2.0',
297 silly addNameRange     '3.2.1',
297 silly addNameRange     '3.2.3',
297 silly addNameRange     '3.2.4',
297 silly addNameRange     '3.2.5',
297 silly addNameRange     '3.2.6',
297 silly addNameRange     '3.2.7',
297 silly addNameRange     '3.2.8',
297 silly addNameRange     '3.2.9',
297 silly addNameRange     '3.2.10',
297 silly addNameRange     '3.2.11',
297 silly addNameRange     '4.0.0',
297 silly addNameRange     '4.0.1',
297 silly addNameRange     '4.0.2',
297 silly addNameRange     '4.0.3',
297 silly addNameRange     '4.0.4',
297 silly addNameRange     '4.0.5',
297 silly addNameRange     '4.0.6',
297 silly addNameRange     '4.1.2-beta',
297 silly addNameRange     '4.1.2',
297 silly addNameRange     '4.1.3',
297 silly addNameRange     '4.1.4',
297 silly addNameRange     '4.1.5',
297 silly addNameRange     '4.1.6',
297 silly addNameRange     '4.2.0',
297 silly addNameRange     '4.2.1',
297 silly addNameRange     '4.2.2',
297 silly addNameRange     '4.3.0',
297 silly addNameRange     '4.3.1',
297 silly addNameRange     '4.3.2',
297 silly addNameRange     '4.3.3',
297 silly addNameRange     '4.3.4',
297 silly addNameRange     '4.3.5',
297 silly addNameRange     '4.4.0',
297 silly addNameRange     '4.4.2',
297 silly addNameRange     '4.5.0',
297 silly addNameRange     '5.0.0',
297 silly addNameRange     '4.5.1',
297 silly addNameRange     '5.0.1',
297 silly addNameRange     '4.5.2',
297 silly addNameRange     '5.0.2',
297 silly addNameRange     '4.5.3',
297 silly addNameRange     '5.0.3',
297 silly addNameRange     '5.0.4',
297 silly addNameRange     '5.0.5',
297 silly addNameRange     '5.0.6',
297 silly addNameRange     '5.0.7',
297 silly addNameRange     '5.0.9',
297 silly addNameRange     '5.0.10',
297 silly addNameRange     '5.0.11',
297 silly addNameRange     '5.0.12',
297 silly addNameRange     '5.0.13',
297 silly addNameRange     '5.0.14',
297 silly addNameRange     '5.0.15',
297 silly addNameRange     '6.0.1',
297 silly addNameRange     '6.0.2',
297 silly addNameRange     '6.0.3',
297 silly addNameRange     '6.0.4',
297 silly addNameRange     '7.0.0',
297 silly addNameRange     '7.0.1',
297 silly addNameRange     '7.0.3',
297 silly addNameRange     '7.0.4',
297 silly addNameRange     '7.0.5',
297 silly addNameRange     '7.0.6' ] ]
298 silly addNamed glob@5.0.15
299 verbose addNamed "5.0.15" is a plain semver version for glob
300 silly cache afterAdd glob@5.0.15
301 verbose afterAdd /Users/aaroncampbell/.npm/glob/5.0.15/package/package.json not in flight; writing
302 verbose correctMkdir /Users/aaroncampbell/.npm correctMkdir not in flight; initializing
303 verbose afterAdd /Users/aaroncampbell/.npm/glob/5.0.15/package/package.json written
304 silly fetchNamedPackageData inflight
305 silly mapToRegistry name inflight
306 silly mapToRegistry using default registry
307 silly mapToRegistry registry https://registry.npmjs.org/
308 silly mapToRegistry data Result {
308 silly mapToRegistry   raw: 'inflight',
308 silly mapToRegistry   scope: null,
308 silly mapToRegistry   escapedName: 'inflight',
308 silly mapToRegistry   name: 'inflight',
308 silly mapToRegistry   rawSpec: '',
308 silly mapToRegistry   spec: 'latest',
308 silly mapToRegistry   type: 'tag' }
309 silly mapToRegistry uri https://registry.npmjs.org/inflight
310 silly fetchNamedPackageData inherits
311 silly mapToRegistry name inherits
312 silly mapToRegistry using default registry
313 silly mapToRegistry registry https://registry.npmjs.org/
314 silly mapToRegistry data Result {
314 silly mapToRegistry   raw: 'inherits',
314 silly mapToRegistry   scope: null,
314 silly mapToRegistry   escapedName: 'inherits',
314 silly mapToRegistry   name: 'inherits',
314 silly mapToRegistry   rawSpec: '',
314 silly mapToRegistry   spec: 'latest',
314 silly mapToRegistry   type: 'tag' }
315 silly mapToRegistry uri https://registry.npmjs.org/inherits
316 silly fetchNamedPackageData minimatch
317 silly mapToRegistry name minimatch
318 silly mapToRegistry using default registry
319 silly mapToRegistry registry https://registry.npmjs.org/
320 silly mapToRegistry data Result {
320 silly mapToRegistry   raw: 'minimatch',
320 silly mapToRegistry   scope: null,
320 silly mapToRegistry   escapedName: 'minimatch',
320 silly mapToRegistry   name: 'minimatch',
320 silly mapToRegistry   rawSpec: '',
320 silly mapToRegistry   spec: 'latest',
320 silly mapToRegistry   type: 'tag' }
321 silly mapToRegistry uri https://registry.npmjs.org/minimatch
322 silly fetchNamedPackageData once
323 silly mapToRegistry name once
324 silly mapToRegistry using default registry
325 silly mapToRegistry registry https://registry.npmjs.org/
326 silly mapToRegistry data Result {
326 silly mapToRegistry   raw: 'once',
326 silly mapToRegistry   scope: null,
326 silly mapToRegistry   escapedName: 'once',
326 silly mapToRegistry   name: 'once',
326 silly mapToRegistry   rawSpec: '',
326 silly mapToRegistry   spec: 'latest',
326 silly mapToRegistry   type: 'tag' }
327 silly mapToRegistry uri https://registry.npmjs.org/once
328 silly fetchNamedPackageData path-is-absolute
329 silly mapToRegistry name path-is-absolute
330 silly mapToRegistry using default registry
331 silly mapToRegistry registry https://registry.npmjs.org/
332 silly mapToRegistry data Result {
332 silly mapToRegistry   raw: 'path-is-absolute',
332 silly mapToRegistry   scope: null,
332 silly mapToRegistry   escapedName: 'path-is-absolute',
332 silly mapToRegistry   name: 'path-is-absolute',
332 silly mapToRegistry   rawSpec: '',
332 silly mapToRegistry   spec: 'latest',
332 silly mapToRegistry   type: 'tag' }
333 silly mapToRegistry uri https://registry.npmjs.org/path-is-absolute
334 verbose request uri https://registry.npmjs.org/once
335 verbose request no auth needed
336 info attempt registry request try #1 at 03:47:44
337 verbose etag "536N65B3ME6T2DO7VSTV5RY1M"
338 http request GET https://registry.npmjs.org/once
339 verbose request uri https://registry.npmjs.org/inflight
340 verbose request no auth needed
341 info attempt registry request try #1 at 03:47:44
342 verbose etag "8L27FU8RFIFX9CQWNUXL1ABUM"
343 http request GET https://registry.npmjs.org/inflight
344 verbose request uri https://registry.npmjs.org/minimatch
345 verbose request no auth needed
346 info attempt registry request try #1 at 03:47:44
347 verbose etag "31LGX43OT16RTN20KR0K853XD"
348 http request GET https://registry.npmjs.org/minimatch
349 verbose request uri https://registry.npmjs.org/path-is-absolute
350 verbose request no auth needed
351 info attempt registry request try #1 at 03:47:44
352 verbose etag "BN5VZYARJTFIZINEV94ZMOHSE"
353 http request GET https://registry.npmjs.org/path-is-absolute
354 verbose request uri https://registry.npmjs.org/inherits
355 verbose request no auth needed
356 info attempt registry request try #1 at 03:47:44
357 verbose etag "CPAOWZQDPIWNTXCBU6N57NOBB"
358 http request GET https://registry.npmjs.org/inherits
359 http 304 https://registry.npmjs.org/once
360 verbose headers { date: 'Tue, 06 Sep 2016 07:47:44 GMT',
360 verbose headers   via: '1.1 varnish',
360 verbose headers   'cache-control': 'max-age=300',
360 verbose headers   etag: '"536N65B3ME6T2DO7VSTV5RY1M"',
360 verbose headers   age: '237',
360 verbose headers   connection: 'keep-alive',
360 verbose headers   'x-served-by': 'cache-sea1926-SEA',
360 verbose headers   'x-cache': 'HIT',
360 verbose headers   'x-cache-hits': '23',
360 verbose headers   'x-timer': 'S1473148064.098807,VS0,VE0',
360 verbose headers   vary: 'Accept-Encoding' }
361 silly get cb [ 304,
361 silly get   { date: 'Tue, 06 Sep 2016 07:47:44 GMT',
361 silly get     via: '1.1 varnish',
361 silly get     'cache-control': 'max-age=300',
361 silly get     etag: '"536N65B3ME6T2DO7VSTV5RY1M"',
361 silly get     age: '237',
361 silly get     connection: 'keep-alive',
361 silly get     'x-served-by': 'cache-sea1926-SEA',
361 silly get     'x-cache': 'HIT',
361 silly get     'x-cache-hits': '23',
361 silly get     'x-timer': 'S1473148064.098807,VS0,VE0',
361 silly get     vary: 'Accept-Encoding' } ]
362 verbose etag https://registry.npmjs.org/once from cache
363 verbose get saving once to /Users/aaroncampbell/.npm/registry.npmjs.org/once/.cache.json
364 verbose correctMkdir /Users/aaroncampbell/.npm correctMkdir not in flight; initializing
365 http 304 https://registry.npmjs.org/inflight
366 verbose headers { date: 'Tue, 06 Sep 2016 07:47:44 GMT',
366 verbose headers   via: '1.1 varnish',
366 verbose headers   'cache-control': 'max-age=300',
366 verbose headers   etag: '"8L27FU8RFIFX9CQWNUXL1ABUM"',
366 verbose headers   age: '131',
366 verbose headers   connection: 'keep-alive',
366 verbose headers   'x-served-by': 'cache-sea1925-SEA',
366 verbose headers   'x-cache': 'HIT',
366 verbose headers   'x-cache-hits': '14',
366 verbose headers   'x-timer': 'S1473148064.103596,VS0,VE0',
366 verbose headers   vary: 'Accept-Encoding' }
367 silly get cb [ 304,
367 silly get   { date: 'Tue, 06 Sep 2016 07:47:44 GMT',
367 silly get     via: '1.1 varnish',
367 silly get     'cache-control': 'max-age=300',
367 silly get     etag: '"8L27FU8RFIFX9CQWNUXL1ABUM"',
367 silly get     age: '131',
367 silly get     connection: 'keep-alive',
367 silly get     'x-served-by': 'cache-sea1925-SEA',
367 silly get     'x-cache': 'HIT',
367 silly get     'x-cache-hits': '14',
367 silly get     'x-timer': 'S1473148064.103596,VS0,VE0',
367 silly get     vary: 'Accept-Encoding' } ]
368 verbose etag https://registry.npmjs.org/inflight from cache
369 verbose get saving inflight to /Users/aaroncampbell/.npm/registry.npmjs.org/inflight/.cache.json
370 verbose correctMkdir /Users/aaroncampbell/.npm correctMkdir not in flight; initializing
371 http 304 https://registry.npmjs.org/path-is-absolute
372 verbose headers { date: 'Tue, 06 Sep 2016 07:47:44 GMT',
372 verbose headers   via: '1.1 varnish',
372 verbose headers   'cache-control': 'max-age=300',
372 verbose headers   etag: '"BN5VZYARJTFIZINEV94ZMOHSE"',
372 verbose headers   age: '132',
372 verbose headers   connection: 'keep-alive',
372 verbose headers   'x-served-by': 'cache-sea1922-SEA',
372 verbose headers   'x-cache': 'HIT',
372 verbose headers   'x-cache-hits': '12',
372 verbose headers   'x-timer': 'S1473148064.133880,VS0,VE0',
372 verbose headers   vary: 'Accept-Encoding' }
373 silly get cb [ 304,
373 silly get   { date: 'Tue, 06 Sep 2016 07:47:44 GMT',
373 silly get     via: '1.1 varnish',
373 silly get     'cache-control': 'max-age=300',
373 silly get     etag: '"BN5VZYARJTFIZINEV94ZMOHSE"',
373 silly get     age: '132',
373 silly get     connection: 'keep-alive',
373 silly get     'x-served-by': 'cache-sea1922-SEA',
373 silly get     'x-cache': 'HIT',
373 silly get     'x-cache-hits': '12',
373 silly get     'x-timer': 'S1473148064.133880,VS0,VE0',
373 silly get     vary: 'Accept-Encoding' } ]
374 verbose etag https://registry.npmjs.org/path-is-absolute from cache
375 verbose get saving path-is-absolute to /Users/aaroncampbell/.npm/registry.npmjs.org/path-is-absolute/.cache.json
376 verbose correctMkdir /Users/aaroncampbell/.npm correctMkdir not in flight; initializing
377 http 200 https://registry.npmjs.org/minimatch
378 verbose headers { server: 'CouchDB/1.5.0 (Erlang OTP/R16B03)',
378 verbose headers   etag: '"6WIJ5XAJGF0Q78G20BBQ55VK3"',
378 verbose headers   'content-type': 'application/json',
378 verbose headers   'content-encoding': 'gzip',
378 verbose headers   'cache-control': 'max-age=300',
378 verbose headers   'content-length': '8760',
378 verbose headers   'accept-ranges': 'bytes',
378 verbose headers   date: 'Tue, 06 Sep 2016 07:47:44 GMT',
378 verbose headers   via: '1.1 varnish',
378 verbose headers   age: '40',
378 verbose headers   connection: 'keep-alive',
378 verbose headers   'x-served-by': 'cache-sea1922-SEA',
378 verbose headers   'x-cache': 'HIT',
378 verbose headers   'x-cache-hits': '5',
378 verbose headers   'x-timer': 'S1473148064.129193,VS0,VE0',
378 verbose headers   vary: 'Accept-Encoding' }
379 silly get cb [ 200,
379 silly get   { server: 'CouchDB/1.5.0 (Erlang OTP/R16B03)',
379 silly get     etag: '"6WIJ5XAJGF0Q78G20BBQ55VK3"',
379 silly get     'content-type': 'application/json',
379 silly get     'content-encoding': 'gzip',
379 silly get     'cache-control': 'max-age=300',
379 silly get     'content-length': '8760',
379 silly get     'accept-ranges': 'bytes',
379 silly get     date: 'Tue, 06 Sep 2016 07:47:44 GMT',
379 silly get     via: '1.1 varnish',
379 silly get     age: '40',
379 silly get     connection: 'keep-alive',
379 silly get     'x-served-by': 'cache-sea1922-SEA',
379 silly get     'x-cache': 'HIT',
379 silly get     'x-cache-hits': '5',
379 silly get     'x-timer': 'S1473148064.129193,VS0,VE0',
379 silly get     vary: 'Accept-Encoding' } ]
380 verbose get saving minimatch to /Users/aaroncampbell/.npm/registry.npmjs.org/minimatch/.cache.json
381 verbose correctMkdir /Users/aaroncampbell/.npm correctMkdir not in flight; initializing
382 silly resolveWithNewModule once@1.3.3 checking installable status
383 silly cache add args [ 'once@^1.3.0', null ]
384 verbose cache add spec once@^1.3.0
385 silly cache add parsed spec Result {
385 silly cache add   raw: 'once@^1.3.0',
385 silly cache add   scope: null,
385 silly cache add   escapedName: 'once',
385 silly cache add   name: 'once',
385 silly cache add   rawSpec: '^1.3.0',
385 silly cache add   spec: '>=1.3.0 <2.0.0',
385 silly cache add   type: 'range' }
386 silly addNamed once@>=1.3.0 <2.0.0
387 verbose addNamed ">=1.3.0 <2.0.0" is a valid semver range for once
388 silly addNameRange { name: 'once', range: '>=1.3.0 <2.0.0', hasData: false }
389 silly mapToRegistry name once
390 silly mapToRegistry using default registry
391 silly mapToRegistry registry https://registry.npmjs.org/
392 silly mapToRegistry data Result {
392 silly mapToRegistry   raw: 'once',
392 silly mapToRegistry   scope: null,
392 silly mapToRegistry   escapedName: 'once',
392 silly mapToRegistry   name: 'once',
392 silly mapToRegistry   rawSpec: '',
392 silly mapToRegistry   spec: 'latest',
392 silly mapToRegistry   type: 'tag' }
393 silly mapToRegistry uri https://registry.npmjs.org/once
394 verbose addNameRange registry:https://registry.npmjs.org/once not in flight; fetching
395 verbose get https://registry.npmjs.org/once not expired, no request
396 silly addNameRange number 2 { name: 'once', range: '>=1.3.0 <2.0.0', hasData: true }
397 silly addNameRange versions [ 'once',
397 silly addNameRange   [ '1.1.1', '1.2.0', '1.3.0', '1.3.1', '1.3.2', '1.3.3' ] ]
398 silly addNamed once@1.3.3
399 verbose addNamed "1.3.3" is a plain semver version for once
400 http 304 https://registry.npmjs.org/inherits
401 verbose headers { date: 'Tue, 06 Sep 2016 07:47:44 GMT',
401 verbose headers   via: '1.1 varnish',
401 verbose headers   'cache-control': 'max-age=300',
401 verbose headers   etag: '"CPAOWZQDPIWNTXCBU6N57NOBB"',
401 verbose headers   age: '107',
401 verbose headers   connection: 'keep-alive',
401 verbose headers   'x-served-by': 'cache-sea1925-SEA',
401 verbose headers   'x-cache': 'HIT',
401 verbose headers   'x-cache-hits': '17',
401 verbose headers   'x-timer': 'S1473148064.237988,VS0,VE0',
401 verbose headers   vary: 'Accept-Encoding' }
402 silly get cb [ 304,
402 silly get   { date: 'Tue, 06 Sep 2016 07:47:44 GMT',
402 silly get     via: '1.1 varnish',
402 silly get     'cache-control': 'max-age=300',
402 silly get     etag: '"CPAOWZQDPIWNTXCBU6N57NOBB"',
402 silly get     age: '107',
402 silly get     connection: 'keep-alive',
402 silly get     'x-served-by': 'cache-sea1925-SEA',
402 silly get     'x-cache': 'HIT',
402 silly get     'x-cache-hits': '17',
402 silly get     'x-timer': 'S1473148064.237988,VS0,VE0',
402 silly get     vary: 'Accept-Encoding' } ]
403 verbose etag https://registry.npmjs.org/inherits from cache
404 verbose get saving inherits to /Users/aaroncampbell/.npm/registry.npmjs.org/inherits/.cache.json
405 verbose correctMkdir /Users/aaroncampbell/.npm correctMkdir not in flight; initializing
406 silly resolveWithNewModule inflight@1.0.5 checking installable status
407 silly cache add args [ 'inflight@^1.0.4', null ]
408 verbose cache add spec inflight@^1.0.4
409 silly cache add parsed spec Result {
409 silly cache add   raw: 'inflight@^1.0.4',
409 silly cache add   scope: null,
409 silly cache add   escapedName: 'inflight',
409 silly cache add   name: 'inflight',
409 silly cache add   rawSpec: '^1.0.4',
409 silly cache add   spec: '>=1.0.4 <2.0.0',
409 silly cache add   type: 'range' }
410 silly addNamed inflight@>=1.0.4 <2.0.0
411 verbose addNamed ">=1.0.4 <2.0.0" is a valid semver range for inflight
412 silly addNameRange { name: 'inflight', range: '>=1.0.4 <2.0.0', hasData: false }
413 silly mapToRegistry name inflight
414 silly mapToRegistry using default registry
415 silly mapToRegistry registry https://registry.npmjs.org/
416 silly mapToRegistry data Result {
416 silly mapToRegistry   raw: 'inflight',
416 silly mapToRegistry   scope: null,
416 silly mapToRegistry   escapedName: 'inflight',
416 silly mapToRegistry   name: 'inflight',
416 silly mapToRegistry   rawSpec: '',
416 silly mapToRegistry   spec: 'latest',
416 silly mapToRegistry   type: 'tag' }
417 silly mapToRegistry uri https://registry.npmjs.org/inflight
418 verbose addNameRange registry:https://registry.npmjs.org/inflight not in flight; fetching
419 silly resolveWithNewModule path-is-absolute@1.0.0 checking installable status
420 silly cache add args [ 'path-is-absolute@^1.0.0', null ]
421 verbose cache add spec path-is-absolute@^1.0.0
422 silly cache add parsed spec Result {
422 silly cache add   raw: 'path-is-absolute@^1.0.0',
422 silly cache add   scope: null,
422 silly cache add   escapedName: 'path-is-absolute',
422 silly cache add   name: 'path-is-absolute',
422 silly cache add   rawSpec: '^1.0.0',
422 silly cache add   spec: '>=1.0.0 <2.0.0',
422 silly cache add   type: 'range' }
423 silly addNamed path-is-absolute@>=1.0.0 <2.0.0
424 verbose addNamed ">=1.0.0 <2.0.0" is a valid semver range for path-is-absolute
425 silly addNameRange { name: 'path-is-absolute',
425 silly addNameRange   range: '>=1.0.0 <2.0.0',
425 silly addNameRange   hasData: false }
426 silly mapToRegistry name path-is-absolute
427 silly mapToRegistry using default registry
428 silly mapToRegistry registry https://registry.npmjs.org/
429 silly mapToRegistry data Result {
429 silly mapToRegistry   raw: 'path-is-absolute',
429 silly mapToRegistry   scope: null,
429 silly mapToRegistry   escapedName: 'path-is-absolute',
429 silly mapToRegistry   name: 'path-is-absolute',
429 silly mapToRegistry   rawSpec: '',
429 silly mapToRegistry   spec: 'latest',
429 silly mapToRegistry   type: 'tag' }
430 silly mapToRegistry uri https://registry.npmjs.org/path-is-absolute
431 verbose addNameRange registry:https://registry.npmjs.org/path-is-absolute not in flight; fetching
432 silly resolveWithNewModule minimatch@3.0.3 checking installable status
433 silly cache add args [ 'minimatch@2 || 3', null ]
434 verbose cache add spec minimatch@2 || 3
435 silly cache add parsed spec Result {
435 silly cache add   raw: 'minimatch@2 || 3',
435 silly cache add   scope: null,
435 silly cache add   escapedName: 'minimatch',
435 silly cache add   name: 'minimatch',
435 silly cache add   rawSpec: '2 || 3',
435 silly cache add   spec: '>=2.0.0 <3.0.0||>=3.0.0 <4.0.0',
435 silly cache add   type: 'range' }
436 silly addNamed minimatch@>=2.0.0 <3.0.0||>=3.0.0 <4.0.0
437 verbose addNamed ">=2.0.0 <3.0.0||>=3.0.0 <4.0.0" is a valid semver range for minimatch
438 silly addNameRange { name: 'minimatch',
438 silly addNameRange   range: '>=2.0.0 <3.0.0||>=3.0.0 <4.0.0',
438 silly addNameRange   hasData: false }
439 silly mapToRegistry name minimatch
440 silly mapToRegistry using default registry
441 silly mapToRegistry registry https://registry.npmjs.org/
442 silly mapToRegistry data Result {
442 silly mapToRegistry   raw: 'minimatch',
442 silly mapToRegistry   scope: null,
442 silly mapToRegistry   escapedName: 'minimatch',
442 silly mapToRegistry   name: 'minimatch',
442 silly mapToRegistry   rawSpec: '',
442 silly mapToRegistry   spec: 'latest',
442 silly mapToRegistry   type: 'tag' }
443 silly mapToRegistry uri https://registry.npmjs.org/minimatch
444 verbose addNameRange registry:https://registry.npmjs.org/minimatch not in flight; fetching
445 verbose get https://registry.npmjs.org/inflight not expired, no request
446 silly addNameRange number 2 { name: 'inflight', range: '>=1.0.4 <2.0.0', hasData: true }
447 silly addNameRange versions [ 'inflight',
447 silly addNameRange   [ '1.0.0', '1.0.1', '1.0.2', '1.0.3', '1.0.4', '1.0.5' ] ]
448 silly addNamed inflight@1.0.5
449 verbose addNamed "1.0.5" is a plain semver version for inflight
450 silly cache afterAdd once@1.3.3
451 verbose afterAdd /Users/aaroncampbell/.npm/once/1.3.3/package/package.json not in flight; writing
452 verbose correctMkdir /Users/aaroncampbell/.npm correctMkdir not in flight; initializing
453 silly resolveWithNewModule inherits@2.0.1 checking installable status
454 silly cache add args [ 'inherits@2', null ]
455 verbose cache add spec inherits@2
456 silly cache add parsed spec Result {
456 silly cache add   raw: 'inherits@2',
456 silly cache add   scope: null,
456 silly cache add   escapedName: 'inherits',
456 silly cache add   name: 'inherits',
456 silly cache add   rawSpec: '2',
456 silly cache add   spec: '>=2.0.0 <3.0.0',
456 silly cache add   type: 'range' }
457 silly addNamed inherits@>=2.0.0 <3.0.0
458 verbose addNamed ">=2.0.0 <3.0.0" is a valid semver range for inherits
459 silly addNameRange { name: 'inherits', range: '>=2.0.0 <3.0.0', hasData: false }
460 silly mapToRegistry name inherits
461 silly mapToRegistry using default registry
462 silly mapToRegistry registry https://registry.npmjs.org/
463 silly mapToRegistry data Result {
463 silly mapToRegistry   raw: 'inherits',
463 silly mapToRegistry   scope: null,
463 silly mapToRegistry   escapedName: 'inherits',
463 silly mapToRegistry   name: 'inherits',
463 silly mapToRegistry   rawSpec: '',
463 silly mapToRegistry   spec: 'latest',
463 silly mapToRegistry   type: 'tag' }
464 silly mapToRegistry uri https://registry.npmjs.org/inherits
465 verbose addNameRange registry:https://registry.npmjs.org/inherits not in flight; fetching
466 verbose get https://registry.npmjs.org/path-is-absolute not expired, no request
467 silly addNameRange number 2 { name: 'path-is-absolute',
467 silly addNameRange   range: '>=1.0.0 <2.0.0',
467 silly addNameRange   hasData: true }
468 silly addNameRange versions [ 'path-is-absolute', [ '1.0.0' ] ]
469 silly addNamed path-is-absolute@1.0.0
470 verbose addNamed "1.0.0" is a plain semver version for path-is-absolute
471 verbose get https://registry.npmjs.org/minimatch not expired, no request
472 silly addNameRange number 2 { name: 'minimatch',
472 silly addNameRange   range: '>=2.0.0 <3.0.0||>=3.0.0 <4.0.0',
472 silly addNameRange   hasData: true }
473 silly addNameRange versions [ 'minimatch',
473 silly addNameRange   [ '0.0.1',
473 silly addNameRange     '0.0.2',
473 silly addNameRange     '0.0.4',
473 silly addNameRange     '0.0.5',
473 silly addNameRange     '0.1.1',
473 silly addNameRange     '0.1.2',
473 silly addNameRange     '0.1.3',
473 silly addNameRange     '0.1.4',
473 silly addNameRange     '0.1.5',
473 silly addNameRange     '0.2.0',
473 silly addNameRange     '0.2.2',
473 silly addNameRange     '0.2.3',
473 silly addNameRange     '0.2.4',
473 silly addNameRange     '0.2.5',
473 silly addNameRange     '0.2.6',
473 silly addNameRange     '0.2.7',
473 silly addNameRange     '0.2.8',
473 silly addNameRange     '0.2.9',
473 silly addNameRange     '0.2.10',
473 silly addNameRange     '0.2.11',
473 silly addNameRange     '0.2.12',
473 silly addNameRange     '0.2.13',
473 silly addNameRange     '0.2.14',
473 silly addNameRange     '0.3.0',
473 silly addNameRange     '0.4.0',
473 silly addNameRange     '1.0.0',
473 silly addNameRange     '2.0.0',
473 silly addNameRange     '2.0.1',
473 silly addNameRange     '2.0.2',
473 silly addNameRange     '2.0.3',
473 silly addNameRange     '2.0.4',
473 silly addNameRange     '2.0.5',
473 silly addNameRange     '2.0.6',
473 silly addNameRange     '2.0.7',
473 silly addNameRange     '2.0.8',
473 silly addNameRange     '2.0.9',
473 silly addNameRange     '2.0.10',
473 silly addNameRange     '3.0.0',
473 silly addNameRange     '3.0.2',
473 silly addNameRange     '3.0.3' ] ]
474 silly addNamed minimatch@3.0.3
475 verbose addNamed "3.0.3" is a plain semver version for minimatch
476 silly cache afterAdd inflight@1.0.5
477 verbose afterAdd /Users/aaroncampbell/.npm/inflight/1.0.5/package/package.json not in flight; writing
478 verbose correctMkdir /Users/aaroncampbell/.npm correctMkdir not in flight; initializing
479 verbose get https://registry.npmjs.org/inherits not expired, no request
480 silly addNameRange number 2 { name: 'inherits', range: '>=2.0.0 <3.0.0', hasData: true }
481 silly addNameRange versions [ 'inherits', [ '1.0.0', '2.0.0', '2.0.1', '1.0.1', '1.0.2' ] ]
482 silly addNamed inherits@2.0.1
483 verbose addNamed "2.0.1" is a plain semver version for inherits
484 verbose afterAdd /Users/aaroncampbell/.npm/once/1.3.3/package/package.json written
485 verbose afterAdd /Users/aaroncampbell/.npm/inflight/1.0.5/package/package.json written
486 silly cache afterAdd path-is-absolute@1.0.0
487 verbose afterAdd /Users/aaroncampbell/.npm/path-is-absolute/1.0.0/package/package.json not in flight; writing
488 verbose correctMkdir /Users/aaroncampbell/.npm correctMkdir not in flight; initializing
489 silly cache afterAdd minimatch@3.0.3
490 verbose afterAdd /Users/aaroncampbell/.npm/minimatch/3.0.3/package/package.json not in flight; writing
491 verbose correctMkdir /Users/aaroncampbell/.npm correctMkdir not in flight; initializing
492 verbose afterAdd /Users/aaroncampbell/.npm/path-is-absolute/1.0.0/package/package.json written
493 verbose afterAdd /Users/aaroncampbell/.npm/minimatch/3.0.3/package/package.json written
494 silly cache afterAdd inherits@2.0.1
495 verbose afterAdd /Users/aaroncampbell/.npm/inherits/2.0.1/package/package.json not in flight; writing
496 verbose correctMkdir /Users/aaroncampbell/.npm correctMkdir not in flight; initializing
497 verbose afterAdd /Users/aaroncampbell/.npm/inherits/2.0.1/package/package.json written
498 silly fetchNamedPackageData wrappy
499 silly mapToRegistry name wrappy
500 silly mapToRegistry using default registry
501 silly mapToRegistry registry https://registry.npmjs.org/
502 silly mapToRegistry data Result {
502 silly mapToRegistry   raw: 'wrappy',
502 silly mapToRegistry   scope: null,
502 silly mapToRegistry   escapedName: 'wrappy',
502 silly mapToRegistry   name: 'wrappy',
502 silly mapToRegistry   rawSpec: '',
502 silly mapToRegistry   spec: 'latest',
502 silly mapToRegistry   type: 'tag' }
503 silly mapToRegistry uri https://registry.npmjs.org/wrappy
504 verbose request uri https://registry.npmjs.org/wrappy
505 verbose request no auth needed
506 info attempt registry request try #1 at 03:47:44
507 verbose etag "4YHCBF4EFQV6QOW21NQ6F7ATC"
508 http request GET https://registry.npmjs.org/wrappy
509 http 304 https://registry.npmjs.org/wrappy
510 verbose headers { date: 'Tue, 06 Sep 2016 07:47:44 GMT',
510 verbose headers   via: '1.1 varnish',
510 verbose headers   'cache-control': 'max-age=300',
510 verbose headers   etag: '"4YHCBF4EFQV6QOW21NQ6F7ATC"',
510 verbose headers   age: '129',
510 verbose headers   connection: 'keep-alive',
510 verbose headers   'x-served-by': 'cache-sea1926-SEA',
510 verbose headers   'x-cache': 'HIT',
510 verbose headers   'x-cache-hits': '19',
510 verbose headers   'x-timer': 'S1473148064.927549,VS0,VE0',
510 verbose headers   vary: 'Accept-Encoding' }
511 silly get cb [ 304,
511 silly get   { date: 'Tue, 06 Sep 2016 07:47:44 GMT',
511 silly get     via: '1.1 varnish',
511 silly get     'cache-control': 'max-age=300',
511 silly get     etag: '"4YHCBF4EFQV6QOW21NQ6F7ATC"',
511 silly get     age: '129',
511 silly get     connection: 'keep-alive',
511 silly get     'x-served-by': 'cache-sea1926-SEA',
511 silly get     'x-cache': 'HIT',
511 silly get     'x-cache-hits': '19',
511 silly get     'x-timer': 'S1473148064.927549,VS0,VE0',
511 silly get     vary: 'Accept-Encoding' } ]
512 verbose etag https://registry.npmjs.org/wrappy from cache
513 verbose get saving wrappy to /Users/aaroncampbell/.npm/registry.npmjs.org/wrappy/.cache.json
514 verbose correctMkdir /Users/aaroncampbell/.npm correctMkdir not in flight; initializing
515 silly resolveWithNewModule wrappy@1.0.2 checking installable status
516 silly cache add args [ 'wrappy@1', null ]
517 verbose cache add spec wrappy@1
518 silly cache add parsed spec Result {
518 silly cache add   raw: 'wrappy@1',
518 silly cache add   scope: null,
518 silly cache add   escapedName: 'wrappy',
518 silly cache add   name: 'wrappy',
518 silly cache add   rawSpec: '1',
518 silly cache add   spec: '>=1.0.0 <2.0.0',
518 silly cache add   type: 'range' }
519 silly addNamed wrappy@>=1.0.0 <2.0.0
520 verbose addNamed ">=1.0.0 <2.0.0" is a valid semver range for wrappy
521 silly addNameRange { name: 'wrappy', range: '>=1.0.0 <2.0.0', hasData: false }
522 silly mapToRegistry name wrappy
523 silly mapToRegistry using default registry
524 silly mapToRegistry registry https://registry.npmjs.org/
525 silly mapToRegistry data Result {
525 silly mapToRegistry   raw: 'wrappy',
525 silly mapToRegistry   scope: null,
525 silly mapToRegistry   escapedName: 'wrappy',
525 silly mapToRegistry   name: 'wrappy',
525 silly mapToRegistry   rawSpec: '',
525 silly mapToRegistry   spec: 'latest',
525 silly mapToRegistry   type: 'tag' }
526 silly mapToRegistry uri https://registry.npmjs.org/wrappy
527 verbose addNameRange registry:https://registry.npmjs.org/wrappy not in flight; fetching
528 verbose get https://registry.npmjs.org/wrappy not expired, no request
529 silly addNameRange number 2 { name: 'wrappy', range: '>=1.0.0 <2.0.0', hasData: true }
530 silly addNameRange versions [ 'wrappy', [ '1.0.0', '1.0.1', '1.0.2' ] ]
531 silly addNamed wrappy@1.0.2
532 verbose addNamed "1.0.2" is a plain semver version for wrappy
533 silly cache afterAdd wrappy@1.0.2
534 verbose afterAdd /Users/aaroncampbell/.npm/wrappy/1.0.2/package/package.json not in flight; writing
535 verbose correctMkdir /Users/aaroncampbell/.npm correctMkdir not in flight; initializing
536 verbose afterAdd /Users/aaroncampbell/.npm/wrappy/1.0.2/package/package.json written
537 silly fetchNamedPackageData brace-expansion
538 silly mapToRegistry name brace-expansion
539 silly mapToRegistry using default registry
540 silly mapToRegistry registry https://registry.npmjs.org/
541 silly mapToRegistry data Result {
541 silly mapToRegistry   raw: 'brace-expansion',
541 silly mapToRegistry   scope: null,
541 silly mapToRegistry   escapedName: 'brace-expansion',
541 silly mapToRegistry   name: 'brace-expansion',
541 silly mapToRegistry   rawSpec: '',
541 silly mapToRegistry   spec: 'latest',
541 silly mapToRegistry   type: 'tag' }
542 silly mapToRegistry uri https://registry.npmjs.org/brace-expansion
543 verbose request uri https://registry.npmjs.org/brace-expansion
544 verbose request no auth needed
545 info attempt registry request try #1 at 03:47:45
546 verbose etag "2RBFFLMN4SIPPG3CI3D2SA6ZF"
547 http request GET https://registry.npmjs.org/brace-expansion
548 http 304 https://registry.npmjs.org/brace-expansion
549 verbose headers { date: 'Tue, 06 Sep 2016 07:47:45 GMT',
549 verbose headers   via: '1.1 varnish',
549 verbose headers   'cache-control': 'max-age=300',
549 verbose headers   etag: '"2RBFFLMN4SIPPG3CI3D2SA6ZF"',
549 verbose headers   age: '31',
549 verbose headers   connection: 'keep-alive',
549 verbose headers   'x-served-by': 'cache-sea1925-SEA',
549 verbose headers   'x-cache': 'HIT',
549 verbose headers   'x-cache-hits': '2',
549 verbose headers   'x-timer': 'S1473148065.143416,VS0,VE0',
549 verbose headers   vary: 'Accept-Encoding' }
550 silly get cb [ 304,
550 silly get   { date: 'Tue, 06 Sep 2016 07:47:45 GMT',
550 silly get     via: '1.1 varnish',
550 silly get     'cache-control': 'max-age=300',
550 silly get     etag: '"2RBFFLMN4SIPPG3CI3D2SA6ZF"',
550 silly get     age: '31',
550 silly get     connection: 'keep-alive',
550 silly get     'x-served-by': 'cache-sea1925-SEA',
550 silly get     'x-cache': 'HIT',
550 silly get     'x-cache-hits': '2',
550 silly get     'x-timer': 'S1473148065.143416,VS0,VE0',
550 silly get     vary: 'Accept-Encoding' } ]
551 verbose etag https://registry.npmjs.org/brace-expansion from cache
552 verbose get saving brace-expansion to /Users/aaroncampbell/.npm/registry.npmjs.org/brace-expansion/.cache.json
553 verbose correctMkdir /Users/aaroncampbell/.npm correctMkdir not in flight; initializing
554 silly resolveWithNewModule brace-expansion@1.1.6 checking installable status
555 silly cache add args [ 'brace-expansion@^1.0.0', null ]
556 verbose cache add spec brace-expansion@^1.0.0
557 silly cache add parsed spec Result {
557 silly cache add   raw: 'brace-expansion@^1.0.0',
557 silly cache add   scope: null,
557 silly cache add   escapedName: 'brace-expansion',
557 silly cache add   name: 'brace-expansion',
557 silly cache add   rawSpec: '^1.0.0',
557 silly cache add   spec: '>=1.0.0 <2.0.0',
557 silly cache add   type: 'range' }
558 silly addNamed brace-expansion@>=1.0.0 <2.0.0
559 verbose addNamed ">=1.0.0 <2.0.0" is a valid semver range for brace-expansion
560 silly addNameRange { name: 'brace-expansion',
560 silly addNameRange   range: '>=1.0.0 <2.0.0',
560 silly addNameRange   hasData: false }
561 silly mapToRegistry name brace-expansion
562 silly mapToRegistry using default registry
563 silly mapToRegistry registry https://registry.npmjs.org/
564 silly mapToRegistry data Result {
564 silly mapToRegistry   raw: 'brace-expansion',
564 silly mapToRegistry   scope: null,
564 silly mapToRegistry   escapedName: 'brace-expansion',
564 silly mapToRegistry   name: 'brace-expansion',
564 silly mapToRegistry   rawSpec: '',
564 silly mapToRegistry   spec: 'latest',
564 silly mapToRegistry   type: 'tag' }
565 silly mapToRegistry uri https://registry.npmjs.org/brace-expansion
566 verbose addNameRange registry:https://registry.npmjs.org/brace-expansion not in flight; fetching
567 verbose get https://registry.npmjs.org/brace-expansion not expired, no request
568 silly addNameRange number 2 { name: 'brace-expansion',
568 silly addNameRange   range: '>=1.0.0 <2.0.0',
568 silly addNameRange   hasData: true }
569 silly addNameRange versions [ 'brace-expansion',
569 silly addNameRange   [ '0.0.0',
569 silly addNameRange     '1.0.0',
569 silly addNameRange     '1.0.1',
569 silly addNameRange     '1.1.0',
569 silly addNameRange     '1.1.1',
569 silly addNameRange     '1.1.2',
569 silly addNameRange     '1.1.3',
569 silly addNameRange     '1.1.4',
569 silly addNameRange     '1.1.5',
569 silly addNameRange     '1.1.6' ] ]
570 silly addNamed brace-expansion@1.1.6
571 verbose addNamed "1.1.6" is a plain semver version for brace-expansion
572 silly cache afterAdd brace-expansion@1.1.6
573 verbose afterAdd /Users/aaroncampbell/.npm/brace-expansion/1.1.6/package/package.json not in flight; writing
574 verbose correctMkdir /Users/aaroncampbell/.npm correctMkdir not in flight; initializing
575 verbose afterAdd /Users/aaroncampbell/.npm/brace-expansion/1.1.6/package/package.json written
576 silly fetchNamedPackageData balanced-match
577 silly mapToRegistry name balanced-match
578 silly mapToRegistry using default registry
579 silly mapToRegistry registry https://registry.npmjs.org/
580 silly mapToRegistry data Result {
580 silly mapToRegistry   raw: 'balanced-match',
580 silly mapToRegistry   scope: null,
580 silly mapToRegistry   escapedName: 'balanced-match',
580 silly mapToRegistry   name: 'balanced-match',
580 silly mapToRegistry   rawSpec: '',
580 silly mapToRegistry   spec: 'latest',
580 silly mapToRegistry   type: 'tag' }
581 silly mapToRegistry uri https://registry.npmjs.org/balanced-match
582 silly fetchNamedPackageData concat-map
583 silly mapToRegistry name concat-map
584 silly mapToRegistry using default registry
585 silly mapToRegistry registry https://registry.npmjs.org/
586 silly mapToRegistry data Result {
586 silly mapToRegistry   raw: 'concat-map',
586 silly mapToRegistry   scope: null,
586 silly mapToRegistry   escapedName: 'concat-map',
586 silly mapToRegistry   name: 'concat-map',
586 silly mapToRegistry   rawSpec: '',
586 silly mapToRegistry   spec: 'latest',
586 silly mapToRegistry   type: 'tag' }
587 silly mapToRegistry uri https://registry.npmjs.org/concat-map
588 verbose request uri https://registry.npmjs.org/concat-map
589 verbose request no auth needed
590 info attempt registry request try #1 at 03:47:45
591 verbose etag "7YMM5DAB2C8LFOYGIFD54ADEV"
592 http request GET https://registry.npmjs.org/concat-map
593 verbose request uri https://registry.npmjs.org/balanced-match
594 verbose request no auth needed
595 info attempt registry request try #1 at 03:47:45
596 verbose etag "5U9BNMW33XCSV3XOD9WCWOPF3"
597 http request GET https://registry.npmjs.org/balanced-match
598 http 304 https://registry.npmjs.org/concat-map
599 verbose headers { date: 'Tue, 06 Sep 2016 07:47:45 GMT',
599 verbose headers   via: '1.1 varnish',
599 verbose headers   'cache-control': 'max-age=300',
599 verbose headers   etag: '"7YMM5DAB2C8LFOYGIFD54ADEV"',
599 verbose headers   age: '147',
599 verbose headers   connection: 'keep-alive',
599 verbose headers   'x-served-by': 'cache-sea1922-SEA',
599 verbose headers   'x-cache': 'HIT',
599 verbose headers   'x-cache-hits': '14',
599 verbose headers   'x-timer': 'S1473148065.264173,VS0,VE0',
599 verbose headers   vary: 'Accept-Encoding' }
600 silly get cb [ 304,
600 silly get   { date: 'Tue, 06 Sep 2016 07:47:45 GMT',
600 silly get     via: '1.1 varnish',
600 silly get     'cache-control': 'max-age=300',
600 silly get     etag: '"7YMM5DAB2C8LFOYGIFD54ADEV"',
600 silly get     age: '147',
600 silly get     connection: 'keep-alive',
600 silly get     'x-served-by': 'cache-sea1922-SEA',
600 silly get     'x-cache': 'HIT',
600 silly get     'x-cache-hits': '14',
600 silly get     'x-timer': 'S1473148065.264173,VS0,VE0',
600 silly get     vary: 'Accept-Encoding' } ]
601 verbose etag https://registry.npmjs.org/concat-map from cache
602 verbose get saving concat-map to /Users/aaroncampbell/.npm/registry.npmjs.org/concat-map/.cache.json
603 verbose correctMkdir /Users/aaroncampbell/.npm correctMkdir not in flight; initializing
604 silly resolveWithNewModule concat-map@0.0.1 checking installable status
605 silly cache add args [ 'concat-map@0.0.1', null ]
606 verbose cache add spec concat-map@0.0.1
607 silly cache add parsed spec Result {
607 silly cache add   raw: 'concat-map@0.0.1',
607 silly cache add   scope: null,
607 silly cache add   escapedName: 'concat-map',
607 silly cache add   name: 'concat-map',
607 silly cache add   rawSpec: '0.0.1',
607 silly cache add   spec: '0.0.1',
607 silly cache add   type: 'version' }
608 silly addNamed concat-map@0.0.1
609 verbose addNamed "0.0.1" is a plain semver version for concat-map
610 silly mapToRegistry name concat-map
611 silly mapToRegistry using default registry
612 silly mapToRegistry registry https://registry.npmjs.org/
613 silly mapToRegistry data Result {
613 silly mapToRegistry   raw: 'concat-map',
613 silly mapToRegistry   scope: null,
613 silly mapToRegistry   escapedName: 'concat-map',
613 silly mapToRegistry   name: 'concat-map',
613 silly mapToRegistry   rawSpec: '',
613 silly mapToRegistry   spec: 'latest',
613 silly mapToRegistry   type: 'tag' }
614 silly mapToRegistry uri https://registry.npmjs.org/concat-map
615 verbose addNameVersion registry:https://registry.npmjs.org/concat-map not in flight; fetching
616 http 304 https://registry.npmjs.org/balanced-match
617 verbose headers { date: 'Tue, 06 Sep 2016 07:47:45 GMT',
617 verbose headers   via: '1.1 varnish',
617 verbose headers   'cache-control': 'max-age=300',
617 verbose headers   etag: '"5U9BNMW33XCSV3XOD9WCWOPF3"',
617 verbose headers   age: '268',
617 verbose headers   connection: 'keep-alive',
617 verbose headers   'x-served-by': 'cache-sea1922-SEA',
617 verbose headers   'x-cache': 'HIT',
617 verbose headers   'x-cache-hits': '40',
617 verbose headers   'x-timer': 'S1473148065.267995,VS0,VE0',
617 verbose headers   vary: 'Accept-Encoding' }
618 silly get cb [ 304,
618 silly get   { date: 'Tue, 06 Sep 2016 07:47:45 GMT',
618 silly get     via: '1.1 varnish',
618 silly get     'cache-control': 'max-age=300',
618 silly get     etag: '"5U9BNMW33XCSV3XOD9WCWOPF3"',
618 silly get     age: '268',
618 silly get     connection: 'keep-alive',
618 silly get     'x-served-by': 'cache-sea1922-SEA',
618 silly get     'x-cache': 'HIT',
618 silly get     'x-cache-hits': '40',
618 silly get     'x-timer': 'S1473148065.267995,VS0,VE0',
618 silly get     vary: 'Accept-Encoding' } ]
619 verbose etag https://registry.npmjs.org/balanced-match from cache
620 verbose get saving balanced-match to /Users/aaroncampbell/.npm/registry.npmjs.org/balanced-match/.cache.json
621 verbose correctMkdir /Users/aaroncampbell/.npm correctMkdir not in flight; initializing
622 silly resolveWithNewModule balanced-match@0.4.2 checking installable status
623 silly cache add args [ 'balanced-match@^0.4.1', null ]
624 verbose cache add spec balanced-match@^0.4.1
625 silly cache add parsed spec Result {
625 silly cache add   raw: 'balanced-match@^0.4.1',
625 silly cache add   scope: null,
625 silly cache add   escapedName: 'balanced-match',
625 silly cache add   name: 'balanced-match',
625 silly cache add   rawSpec: '^0.4.1',
625 silly cache add   spec: '>=0.4.1 <0.5.0',
625 silly cache add   type: 'range' }
626 silly addNamed balanced-match@>=0.4.1 <0.5.0
627 verbose addNamed ">=0.4.1 <0.5.0" is a valid semver range for balanced-match
628 silly addNameRange { name: 'balanced-match',
628 silly addNameRange   range: '>=0.4.1 <0.5.0',
628 silly addNameRange   hasData: false }
629 silly mapToRegistry name balanced-match
630 silly mapToRegistry using default registry
631 silly mapToRegistry registry https://registry.npmjs.org/
632 silly mapToRegistry data Result {
632 silly mapToRegistry   raw: 'balanced-match',
632 silly mapToRegistry   scope: null,
632 silly mapToRegistry   escapedName: 'balanced-match',
632 silly mapToRegistry   name: 'balanced-match',
632 silly mapToRegistry   rawSpec: '',
632 silly mapToRegistry   spec: 'latest',
632 silly mapToRegistry   type: 'tag' }
633 silly mapToRegistry uri https://registry.npmjs.org/balanced-match
634 verbose addNameRange registry:https://registry.npmjs.org/balanced-match not in flight; fetching
635 verbose get https://registry.npmjs.org/balanced-match not expired, no request
636 silly addNameRange number 2 { name: 'balanced-match',
636 silly addNameRange   range: '>=0.4.1 <0.5.0',
636 silly addNameRange   hasData: true }
637 silly addNameRange versions [ 'balanced-match',
637 silly addNameRange   [ '0.0.0',
637 silly addNameRange     '0.0.1',
637 silly addNameRange     '0.1.0',
637 silly addNameRange     '0.2.0',
637 silly addNameRange     '0.2.1',
637 silly addNameRange     '0.3.0',
637 silly addNameRange     '0.4.0',
637 silly addNameRange     '0.4.1',
637 silly addNameRange     '0.4.2' ] ]
638 silly addNamed balanced-match@0.4.2
639 verbose addNamed "0.4.2" is a plain semver version for balanced-match
640 verbose get https://registry.npmjs.org/concat-map not expired, no request
641 silly cache afterAdd balanced-match@0.4.2
642 verbose afterAdd /Users/aaroncampbell/.npm/balanced-match/0.4.2/package/package.json not in flight; writing
643 verbose correctMkdir /Users/aaroncampbell/.npm correctMkdir not in flight; initializing
644 silly cache afterAdd concat-map@0.0.1
645 verbose afterAdd /Users/aaroncampbell/.npm/concat-map/0.0.1/package/package.json not in flight; writing
646 verbose correctMkdir /Users/aaroncampbell/.npm correctMkdir not in flight; initializing
647 verbose afterAdd /Users/aaroncampbell/.npm/balanced-match/0.4.2/package/package.json written
648 verbose afterAdd /Users/aaroncampbell/.npm/concat-map/0.0.1/package/package.json written
649 silly fetchNamedPackageData abbrev
650 silly mapToRegistry name abbrev
651 silly mapToRegistry using default registry
652 silly mapToRegistry registry https://registry.npmjs.org/
653 silly mapToRegistry data Result {
653 silly mapToRegistry   raw: 'abbrev',
653 silly mapToRegistry   scope: null,
653 silly mapToRegistry   escapedName: 'abbrev',
653 silly mapToRegistry   name: 'abbrev',
653 silly mapToRegistry   rawSpec: '',
653 silly mapToRegistry   spec: 'latest',
653 silly mapToRegistry   type: 'tag' }
654 silly mapToRegistry uri https://registry.npmjs.org/abbrev
655 verbose request uri https://registry.npmjs.org/abbrev
656 verbose request no auth needed
657 info attempt registry request try #1 at 03:47:45
658 verbose etag "62NWCZC5Z9LYM8KDMOFL62BXC"
659 http request GET https://registry.npmjs.org/abbrev
660 http 200 https://registry.npmjs.org/abbrev
661 verbose headers { server: 'CouchDB/1.5.0 (Erlang OTP/R16B03)',
661 verbose headers   etag: '"XJL1YMUBNJ4681KIBNVAX1EI"',
661 verbose headers   'content-type': 'application/json',
661 verbose headers   'content-encoding': 'gzip',
661 verbose headers   'cache-control': 'max-age=300',
661 verbose headers   'content-length': '1788',
661 verbose headers   'accept-ranges': 'bytes',
661 verbose headers   date: 'Tue, 06 Sep 2016 07:47:45 GMT',
661 verbose headers   via: '1.1 varnish',
661 verbose headers   age: '275',
661 verbose headers   connection: 'keep-alive',
661 verbose headers   'x-served-by': 'cache-sea1925-SEA',
661 verbose headers   'x-cache': 'HIT',
661 verbose headers   'x-cache-hits': '12',
661 verbose headers   'x-timer': 'S1473148065.479138,VS0,VE0',
661 verbose headers   vary: 'Accept-Encoding' }
662 silly get cb [ 200,
662 silly get   { server: 'CouchDB/1.5.0 (Erlang OTP/R16B03)',
662 silly get     etag: '"XJL1YMUBNJ4681KIBNVAX1EI"',
662 silly get     'content-type': 'application/json',
662 silly get     'content-encoding': 'gzip',
662 silly get     'cache-control': 'max-age=300',
662 silly get     'content-length': '1788',
662 silly get     'accept-ranges': 'bytes',
662 silly get     date: 'Tue, 06 Sep 2016 07:47:45 GMT',
662 silly get     via: '1.1 varnish',
662 silly get     age: '275',
662 silly get     connection: 'keep-alive',
662 silly get     'x-served-by': 'cache-sea1925-SEA',
662 silly get     'x-cache': 'HIT',
662 silly get     'x-cache-hits': '12',
662 silly get     'x-timer': 'S1473148065.479138,VS0,VE0',
662 silly get     vary: 'Accept-Encoding' } ]
663 verbose get saving abbrev to /Users/aaroncampbell/.npm/registry.npmjs.org/abbrev/.cache.json
664 verbose correctMkdir /Users/aaroncampbell/.npm correctMkdir not in flight; initializing
665 silly resolveWithNewModule abbrev@1.0.9 checking installable status
666 silly cache add args [ 'abbrev@1', null ]
667 verbose cache add spec abbrev@1
668 silly cache add parsed spec Result {
668 silly cache add   raw: 'abbrev@1',
668 silly cache add   scope: null,
668 silly cache add   escapedName: 'abbrev',
668 silly cache add   name: 'abbrev',
668 silly cache add   rawSpec: '1',
668 silly cache add   spec: '>=1.0.0 <2.0.0',
668 silly cache add   type: 'range' }
669 silly addNamed abbrev@>=1.0.0 <2.0.0
670 verbose addNamed ">=1.0.0 <2.0.0" is a valid semver range for abbrev
671 silly addNameRange { name: 'abbrev', range: '>=1.0.0 <2.0.0', hasData: false }
672 silly mapToRegistry name abbrev
673 silly mapToRegistry using default registry
674 silly mapToRegistry registry https://registry.npmjs.org/
675 silly mapToRegistry data Result {
675 silly mapToRegistry   raw: 'abbrev',
675 silly mapToRegistry   scope: null,
675 silly mapToRegistry   escapedName: 'abbrev',
675 silly mapToRegistry   name: 'abbrev',
675 silly mapToRegistry   rawSpec: '',
675 silly mapToRegistry   spec: 'latest',
675 silly mapToRegistry   type: 'tag' }
676 silly mapToRegistry uri https://registry.npmjs.org/abbrev
677 verbose addNameRange registry:https://registry.npmjs.org/abbrev not in flight; fetching
678 verbose get https://registry.npmjs.org/abbrev not expired, no request
679 silly addNameRange number 2 { name: 'abbrev', range: '>=1.0.0 <2.0.0', hasData: true }
680 silly addNameRange versions [ 'abbrev',
680 silly addNameRange   [ '1.0.3', '1.0.4', '1.0.5', '1.0.6', '1.0.7', '1.0.9' ] ]
681 silly addNamed abbrev@1.0.9
682 verbose addNamed "1.0.9" is a plain semver version for abbrev
683 silly cache afterAdd abbrev@1.0.9
684 verbose afterAdd /Users/aaroncampbell/.npm/abbrev/1.0.9/package/package.json not in flight; writing
685 verbose correctMkdir /Users/aaroncampbell/.npm correctMkdir not in flight; initializing
686 verbose afterAdd /Users/aaroncampbell/.npm/abbrev/1.0.9/package/package.json written
687 silly loadAllDepsIntoIdealTree Finishing
688 silly loadIdealTree Finishing
689 silly currentTree lib
690 silly idealTree lib
690 silly idealTree  grunt-cli@1.2.0
690 silly idealTree    abbrev@1.0.9
690 silly idealTree    balanced-match@0.4.2
690 silly idealTree    brace-expansion@1.1.6
690 silly idealTree    concat-map@0.0.1
690 silly idealTree    findup-sync@0.3.0
690 silly idealTree    glob@5.0.15
690 silly idealTree    grunt-known-options@1.1.0
690 silly idealTree    inflight@1.0.5
690 silly idealTree    inherits@2.0.1
690 silly idealTree    minimatch@3.0.3
690 silly idealTree    nopt@3.0.6
690 silly idealTree    once@1.3.3
690 silly idealTree    path-is-absolute@1.0.0
690 silly idealTree    resolve@1.1.7
690 silly idealTree    wrappy@1.0.2
691 silly generateActionsToTake Starting
692 silly install generateActionsToTake
693 warn checkPermissions Missing write access to /usr/local/lib/node_modules
694 silly rollbackFailedOptional Starting
695 silly rollbackFailedOptional Finishing
696 silly runTopLevelLifecycles Starting
697 silly runTopLevelLifecycles Finishing
698 silly install printInstalled
699 verbose stack Error: EACCES: permission denied, access '/usr/local/lib/node_modules'
699 verbose stack     at Error (native)
700 verbose cwd /Users/aaroncampbell/Downloads/Timbre-master
701 error Darwin 15.0.0
702 error argv "/usr/local/bin/node" "/usr/local/bin/npm" "install" "-g" "grunt-cli"
703 error node v6.3.1
704 error npm  v3.10.3
705 error path /usr/local/lib/node_modules
706 error code EACCES
707 error errno -13
708 error syscall access
709 error Error: EACCES: permission denied, access '/usr/local/lib/node_modules'
709 error     at Error (native)
709 error  { Error: EACCES: permission denied, access '/usr/local/lib/node_modules'
709 error     at Error (native)
709 error   errno: -13,
709 error   code: 'EACCES',
709 error   syscall: 'access',
709 error   path: '/usr/local/lib/node_modules' }
710 error Please try running this command again as root/Administrator.
711 verbose exit [ -13, true ]
